[CI Pipeline/build] [DEBUG] evaluating expression 'success()'
[CI Pipeline/build] [DEBUG] expression 'success()' evaluated to 'true'
[CI Pipeline/build] [DEBUG] Found revision: 52cfc3ad696a663e0a438bad84a836a1ba312501
[build/Build/build] [DEBUG] evaluating expression 'success()'
[build/Build/build] [DEBUG] expression 'success()' evaluated to 'true'
[build/Build/build] 🚀  Start image=catthehacker/ubuntu:act-20.04
[build/Build/build]   🐳  docker pull image=catthehacker/ubuntu:act-20.04 platform= username= forcePull=true
[build/Build/build] [DEBUG]   🐳  docker pull catthehacker/ubuntu:act-20.04
[build/Build/build] [DEBUG] pulling image 'docker.io/catthehacker/ubuntu:act-20.04' ()
[build/Build/build] [DEBUG] Pulling from catthehacker/ubuntu :: act-20.04
[build/Build/build] [DEBUG] Digest: sha256:fe2a710cd64632e18c770d866f0076ec521e8a9dcd5d706cf39fdc251fc69e14 :: 
[build/Build/build] [DEBUG] Status: Image is up to date for catthehacker/ubuntu:act-20.04 :: 
[build/Build/build] [DEBUG] Removed container: 48e801764ff9b9989a7b36cb06bbff6d689f23cf0635cc9e1f60befb49dde531
[build/Build/build] [DEBUG]   🐳  docker volume rm act-build-Build-build-0ca144190aa976fc4c6380899da515aebc60057d56aa77a54522e9dc1eab2e7d
[build/Build/build] [DEBUG]   🐳  docker volume rm act-build-Build-build-0ca144190aa976fc4c6380899da515aebc60057d56aa77a54522e9dc1eab2e7d-env
[build/Build/build]   🐳  docker create image=catthehacker/ubuntu:act-20.04 platform= entrypoint=["tail" "-f" "/dev/null"] cmd=[]
[build/Build/build] [DEBUG] Common container.Config ==> &{Hostname: Domainname: User: AttachStdin:false AttachStdout:false AttachStderr:false ExposedPorts:map[] Tty:false OpenStdin:false StdinOnce:false Env:[RUNNER_TOOL_CACHE=/opt/hostedtoolcache RUNNER_OS=Linux RUNNER_ARCH=X64 RUNNER_TEMP=/tmp LANG=C.UTF-8] Cmd:[] Healthcheck:<nil> ArgsEscaped:false Image:catthehacker/ubuntu:act-20.04 Volumes:map[] WorkingDir:/mnt/c/dev/git/product/acme-rocket/acme-rocket-api Entrypoint:[] NetworkDisabled:false MacAddress: OnBuild:[] Labels:map[] StopSignal: StopTimeout:<nil> Shell:[]}
[build/Build/build] [DEBUG] Common container.HostConfig ==> &{Binds:[/var/run/docker.sock:/var/run/docker.sock] ContainerIDFile: LogConfig:{Type: Config:map[]} NetworkMode:host PortBindings:map[] RestartPolicy:{Name: MaximumRetryCount:0} AutoRemove:false VolumeDriver: VolumesFrom:[] ConsoleSize:[0 0] CapAdd:[] CapDrop:[] CgroupnsMode: DNS:[] DNSOptions:[] DNSSearch:[] ExtraHosts:[] GroupAdd:[] IpcMode: Cgroup: Links:[] OomScoreAdj:0 PidMode: Privileged:false PublishAllPorts:false ReadonlyRootfs:false SecurityOpt:[] StorageOpt:map[] Tmpfs:map[] UTSMode: UsernsMode: ShmSize:0 Sysctls:map[] Runtime: Isolation: Resources:{CPUShares:0 Memory:0 NanoCPUs:0 CgroupParent: BlkioWeight:0 BlkioWeightDevice:[] BlkioDeviceReadBps:[] BlkioDeviceWriteBps:[] BlkioDeviceReadIOps:[] BlkioDeviceWriteIOps:[] CPUPeriod:0 CPUQuota:0 CPURealtimePeriod:0 CPURealtimeRuntime:0 CpusetCpus: CpusetMems: Devices:[] DeviceCgroupRules:[] DeviceRequests:[] KernelMemory:0 KernelMemoryTCP:0 MemoryReservation:0 MemorySwap:0 MemorySwappiness:<nil> OomKillDisable:<nil> PidsLimit:<nil> Ulimits:[] CPUCount:0 CPUPercent:0 IOMaximumIOps:0 IOMaximumBandwidth:0} Mounts:[{Type:volume Source:act-build-Build-build-0ca144190aa976fc4c6380899da515aebc60057d56aa77a54522e9dc1eab2e7d-env Target:/var/run/act ReadOnly:false Consistency: BindOptions:<nil> VolumeOptions:<nil> TmpfsOptions:<nil> ClusterOptions:<nil>} {Type:volume Source:act-build-Build-build-0ca144190aa976fc4c6380899da515aebc60057d56aa77a54522e9dc1eab2e7d Target:/mnt/c/dev/git/product/acme-rocket/acme-rocket-api ReadOnly:false Consistency: BindOptions:<nil> VolumeOptions:<nil> TmpfsOptions:<nil> ClusterOptions:<nil>} {Type:volume Source:act-toolcache Target:/toolcache ReadOnly:false Consistency: BindOptions:<nil> VolumeOptions:<nil> TmpfsOptions:<nil> ClusterOptions:<nil>}] MaskedPaths:[] ReadonlyPaths:[] Init:<nil>}
[build/Build/build] [DEBUG] Created container name=act-build-Build-build-0ca144190aa976fc4c6380899da515aebc60057d56aa77a54522e9dc1eab2e7d id=bda66ec0f0f76816794d2a624969b1a83a04e439d181a940c72fb8dcb3f54601 from image catthehacker/ubuntu:act-20.04 (platform: )
[build/Build/build] [DEBUG] ENV ==> [RUNNER_TOOL_CACHE=/opt/hostedtoolcache RUNNER_OS=Linux RUNNER_ARCH=X64 RUNNER_TEMP=/tmp LANG=C.UTF-8]
[build/Build/build]   🐳  docker run image=catthehacker/ubuntu:act-20.04 platform= entrypoint=["tail" "-f" "/dev/null"] cmd=[]
[build/Build/build] [DEBUG] Starting container: bda66ec0f0f76816794d2a624969b1a83a04e439d181a940c72fb8dcb3f54601
[build/Build/build] [DEBUG] Started container: bda66ec0f0f76816794d2a624969b1a83a04e439d181a940c72fb8dcb3f54601
[build/Build/build] [DEBUG] Writing entry to tarball workflow/event.json len:2
[build/Build/build] [DEBUG] Writing entry to tarball workflow/envs.txt len:0
[build/Build/build] [DEBUG] Extracting content to '/var/run/act/'
[build/Build/build] [DEBUG] Found revision: 52cfc3ad696a663e0a438bad84a836a1ba312501
[build/Build/build] [DEBUG] expression '${{ github.event.inputs.database_url }}' rewritten to 'format('{0}', github.event.inputs.database_url)'
[build/Build/build] [DEBUG] evaluating expression 'format('{0}', github.event.inputs.database_url)'
[build/Build/build] [DEBUG] expression 'format('{0}', github.event.inputs.database_url)' evaluated to '%!t(string=)'
[build/Build/build] [DEBUG] Found revision: 52cfc3ad696a663e0a438bad84a836a1ba312501
[build/Build/build] [DEBUG] Skipping local actions/checkout because workdir was already copied
[build/Build/build] [DEBUG] skip pre step for 'actions/checkout@v3': no action model available
[build/Build/build] [DEBUG] Found revision: 52cfc3ad696a663e0a438bad84a836a1ba312501
[build/Build/build]   ☁  git clone 'https://github.com/google-github-actions/auth' # ref=v0
[build/Build/build] [DEBUG]   cloning https://github.com/google-github-actions/auth to /home/ali/.cache/act/google-github-actions-auth@v0
[build/Build/build] [DEBUG] Unable to pull refs/heads/v0: worktree contains unstaged changes
[build/Build/build] [DEBUG] Cloned https://github.com/google-github-actions/auth to /home/ali/.cache/act/google-github-actions-auth@v0
[build/Build/build] [DEBUG] Checked out v0
[build/Build/build] [DEBUG] Read action &{Authenticate to Google Cloud Google LLC Authenticate to Google Cloud from GitHub Actions via Workload Identity
Federation or service account keys. map[access_token_lifetime:{Desired lifetime duration of the access token, in seconds. This must be
specified as the number of seconds with a trailing "s" (e.g. 30s). This is
only valid when "token_format" is "access_token". false 3600s} access_token_scopes:{List of OAuth 2.0 access scopes to be included in the generated token.
This is only valid when "token_format" is "access_token". false https://www.googleapis.com/auth/cloud-platform} access_token_subject:{Email address of a user to impersonate for Domain-Wide Delegation Access
tokens created for Domain-Wide Delegation cannot have a lifetime beyond 1
hour. This is only valid when "token_format" is "access_token". false } audience:{The value for the audience (aud) parameter in GitHub's generated OIDC
token. This value defaults to the value of "workload_identity_provider",
which is also the default value Google Cloud expects for the audience
parameter on the token. false } backoff:{Delay time before trying another authentication attempt. This
is implemented using a fibonacci backoff method (e.g. 1-1-2-3-5).
This value defaults to 100 milliseconds when retries are greater than 0. false } backoff_limit:{Limits the retry backoff to the specified value. false } cleanup_credentials:{If true, the action will remove any created credentials from the
filesystem upon completion. This only applies if "create_credentials_file"
is true. false true} create_credentials_file:{If true, the action will securely generate a credentials file which can be
used for authentication via gcloud and Google Cloud SDKs. false true} credentials_json:{The Google Cloud JSON service account key to use for authentication. This
is mutually exclusive with "workload_identity_provider". false } delegates:{List of additional service account emails or unique identities to use for
impersonation in the chain. false } export_environment_variables:{If true, the action will export common environment variables which are
known to be consumed by popular downstream libraries and tools, including:

- CLOUDSDK_PROJECT
- CLOUDSDK_CORE_PROJECT
- GCP_PROJECT
- GCLOUD_PROJECT
- GOOGLE_CLOUD_PROJECT

If "create_credentials_file" is true, additional environment variables are
exported:

- CLOUDSDK_AUTH_CREDENTIAL_FILE_OVERRIDE
- GOOGLE_APPLICATION_CREDENTIALS
- GOOGLE_GHA_CREDS_PATH

If false, the action will not export any environment variables, meaning
future steps are unlikely to be automatically authenticated to Google
Cloud. false true} id_token_audience:{The audience (aud) for the generated Google Cloud ID Token. This is only
valid when "token_format" is "id_token". false } id_token_include_email:{Optional parameter of whether to include the service account email in the
generated token. If true, the token will contain "email" and
"email_verified" claims. This is only valid when "token_format" is
"id_token". false false} project_id:{ID of the default project to use for future API calls and invocations. If
unspecified, this action will attempt to extract the value from other
inputs such as "service_account" or "credentials_json". false } retries:{Number of times to retry a failed authentication attempt. This is useful
for automated pipelines that may execute before IAM permissions are fully propogated. false 0} service_account:{Email address or unique identifier of the Google Cloud service account for
which to generate credentials. This is required if
"workload_identity_provider" is specified. false } token_format:{Output format for the generated authentication token. For OAuth 2.0 access
tokens, specify "access_token". For OIDC tokens, specify "id_token". To
skip token generation, leave this value empty. false } workload_identity_provider:{The full identifier of the Workload Identity Provider, including the
project number, pool name, and provider name. If provided, this must be
the full identifier which includes all parts, for example:
"projects/123456789/locations/global/workloadIdentityPools/my-pool/providers/my-provider".
This is mutually exclusive with "credentials_json". false }] map[access_token:{The Google Cloud access token for calling other Google Cloud APIs. This is
only available when "token_format" is "access_token". } access_token_expiration:{The RFC3339 UTC "Zulu" format timestamp for the access token. This is only
available when "token_format" is "access_token". } credentials_file_path:{Path on the local filesystem where the generated credentials file resides.
This is only available if "create_credentials_file" was set to true. } id_token:{The Google Cloud ID token. This is only available when "token_format" is
"id_token". } project_id:{Provided or extracted value for the Google Cloud project ID. }] {node16 map[] dist/main/index.js  always() dist/post/index.js always()   [] []} {blue lock}} from 'Unknown'
[build/Build/build] [DEBUG] Found revision: 52cfc3ad696a663e0a438bad84a836a1ba312501
[build/Build/build]   ☁  git clone 'https://github.com/docker/login-action' # ref=v2
[build/Build/build] [DEBUG]   cloning https://github.com/docker/login-action to /home/ali/.cache/act/docker-login-action@v2
[build/Build/build] [DEBUG] Cloned https://github.com/docker/login-action to /home/ali/.cache/act/docker-login-action@v2
[build/Build/build] [DEBUG] Checked out v2
[build/Build/build] [DEBUG] Read action &{Docker Login docker GitHub Action to login against a Docker registry map[ecr:{Specifies whether the given registry is ECR (auto, true or false) false auto} logout:{Log out from the Docker registry at the end of a job false true} password:{Password or personal access token used to log against the Docker registry false } registry:{Server address of Docker registry. If not set then will default to Docker Hub false } username:{Username used to log against the Docker registry false }] map[] {node16 map[] dist/index.js  always() dist/index.js always()   [] []} {blue anchor}} from 'Unknown'
[build/Build/build] [DEBUG] Found revision: 52cfc3ad696a663e0a438bad84a836a1ba312501
[build/Build/build]   ☁  git clone 'https://github.com/sabio-engineering-product/ci-pipeline' # ref=main
[build/Build/build] [DEBUG]   cloning https://github.com/sabio-engineering-product/ci-pipeline to /home/ali/.cache/act/sabio-engineering-product-ci-pipeline-.github-actions-check-image-exists@main
[build/Build/build] [DEBUG] Provided ref is not a sha. Checking out branch before pulling changes
[build/Build/build] [DEBUG] Cloned https://github.com/sabio-engineering-product/ci-pipeline to /home/ali/.cache/act/sabio-engineering-product-ci-pipeline-.github-actions-check-image-exists@main
[build/Build/build] [DEBUG] Provided ref is not a sha. Updating branch ref after pull
[build/Build/build] [DEBUG] Checked out main
[build/Build/build] [DEBUG] Read action &{Check if Docker Image Already Exists  Checks if a docker image already exists in a given image registry map[registry:{ true } tag:{ true }] map[image_exists:{A string ("true" or "false") indicating if the image already exists ${{ steps.check.outputs.image_exists }}}] {composite map[]   always()  always()   [] [{check {0 0    <nil> []    0 0} Check if App Image Already Exists  if (gcloud container images list-tags ${{ inputs.registry }} \
  | awk '{ print $2 }' | grep -Eo '[a-z0-9]{40}' | grep "${{ inputs.tag }}")
then
  echo 'The image already exists'
  echo 'image_exists=true' >> ${GITHUB_OUTPUT}
else
  echo 'The image does not exist'
  echo 'image_exists=false' >> ${GITHUB_OUTPUT}
fi  bash {0 0    <nil> []    0 0} map[]  }]} { }} from 'Unknown'
[build/Build/build] [DEBUG] Found revision: 52cfc3ad696a663e0a438bad84a836a1ba312501
[build/Build/build] [DEBUG] Found revision: 52cfc3ad696a663e0a438bad84a836a1ba312501
[build/Build/build] [DEBUG] Found revision: 52cfc3ad696a663e0a438bad84a836a1ba312501
[build/Build/build] [DEBUG] Found revision: 52cfc3ad696a663e0a438bad84a836a1ba312501
[build/Build/build] [DEBUG] expression '${{ github.sha }}' rewritten to 'format('{0}', github.sha)'
[build/Build/build] [DEBUG] evaluating expression 'format('{0}', github.sha)'
[build/Build/build] [DEBUG] expression 'format('{0}', github.sha)' evaluated to '%!t(string=52cfc3ad696a663e0a438bad84a836a1ba312501)'
[build/Build/build] [DEBUG] expression '${{ secrets.IMAGE_REGISTRY }}' rewritten to 'format('{0}', secrets.IMAGE_REGISTRY)'
[build/Build/build] [DEBUG] evaluating expression 'format('{0}', secrets.IMAGE_REGISTRY)'
[build/Build/build] [DEBUG] expression 'format('{0}', secrets.IMAGE_REGISTRY)' evaluated to '%!t(string=***)'
[build/Build/build] [DEBUG] setupEnv => map[ACT:true ACTIONS_CACHE_URL:http://172.31.125.251:45447/ CI:true DATABASE_CLEANER_ALLOW_REMOTE_DATABASE_URL:true DATABASE_URL: GITHUB_ACTION:image-check GITHUB_ACTIONS:true GITHUB_ACTION_PATH: GITHUB_ACTION_REF:main GITHUB_ACTION_REPOSITORY:sabio-engineering-product/ci-pipeline GITHUB_ACTOR:nektos/act GITHUB_API_URL:https://api.github.com GITHUB_BASE_REF: GITHUB_EVENT_NAME:pull_request GITHUB_EVENT_PATH:/var/run/act/workflow/event.json GITHUB_GRAPHQL_URL:https://api.github.com/graphql GITHUB_HEAD_REF: GITHUB_JOB:build GITHUB_REF:refs/pull/%!f(<nil>)/merge GITHUB_REF_NAME:%!f(<nil>)/merge GITHUB_REF_TYPE: GITHUB_REPOSITORY:sabio-engineering-product/acme-rocket-api GITHUB_REPOSITORY_OWNER:sabio-engineering-product GITHUB_RETENTION_DAYS:0 GITHUB_RUN_ID:1 GITHUB_RUN_NUMBER:1 GITHUB_SERVER_URL:https://github.com GITHUB_SHA:52cfc3ad696a663e0a438bad84a836a1ba312501 GITHUB_TOKEN:*** GITHUB_WORKFLOW:Build GITHUB_WORKSPACE:/mnt/c/dev/git/product/acme-rocket/acme-rocket-api INPUT_REGISTRY:*** INPUT_TAG:52cfc3ad696a663e0a438bad84a836a1ba312501 ImageOS:ubuntu20 RACK_ENV:test RAILS_ENV:test REGISTRY_USERNAME:oauth2accesstoken RUNNER_PERFLOG:/dev/null RUNNER_TRACKING_ID:]
[build/Build/build] [DEBUG] Found revision: 52cfc3ad696a663e0a438bad84a836a1ba312501
[build/Build/build] [DEBUG] Found revision: 52cfc3ad696a663e0a438bad84a836a1ba312501
[build/Build/build] [DEBUG] evaluating expression 'always()'
[build/Build/build] [DEBUG] expression 'always()' evaluated to 'true'
[build/Build/build] ⭐ Run Pre Check if Image Already Exists
[build/Build/build] [DEBUG] Writing entry to tarball workflow/outputcmd.txt len:0
[build/Build/build] [DEBUG] Writing entry to tarball workflow/statecmd.txt len:0
[build/Build/build] [DEBUG] Writing entry to tarball workflow/pathcmd.txt len:0
[build/Build/build] [DEBUG] Writing entry to tarball workflow/envs.txt len:0
[build/Build/build] [DEBUG] Writing entry to tarball workflow/SUMMARY.md len:0
[build/Build/build] [DEBUG] Extracting content to '/var/run/act'
[build/Build/build] [DEBUG] run pre step for 'Check if Image Already Exists'
[build/Build/build] [DEBUG] Found revision: 52cfc3ad696a663e0a438bad84a836a1ba312501
[build/Build/build] [DEBUG] Found revision: 52cfc3ad696a663e0a438bad84a836a1ba312501
[build/Build/build] [DEBUG] Found revision: 52cfc3ad696a663e0a438bad84a836a1ba312501
[build/Build/build]   ✅  Success - Pre Check if Image Already Exists
[build/Build/build] [DEBUG] Found revision: 52cfc3ad696a663e0a438bad84a836a1ba312501
[build/Build/build]   ☁  git clone 'https://github.com/docker/setup-buildx-action' # ref=v2
[build/Build/build] [DEBUG]   cloning https://github.com/docker/setup-buildx-action to /home/ali/.cache/act/docker-setup-buildx-action@v2
[build/Build/build] [DEBUG] Cloned https://github.com/docker/setup-buildx-action to /home/ali/.cache/act/docker-setup-buildx-action@v2
[build/Build/build] [DEBUG] Checked out v2
[build/Build/build] [DEBUG] Read action &{Docker Setup Buildx docker Set up Docker Buildx map[append:{Append additional nodes to the builder false } buildkitd-flags:{Flags for buildkitd daemon false --allow-insecure-entitlement security.insecure --allow-insecure-entitlement network.host} cleanup:{Cleanup temp files and remove builder at the end of a job false true} config:{BuildKit config file false } config-inline:{Inline BuildKit config false } driver:{Sets the builder driver to be used false docker-container} driver-opts:{List of additional driver-specific options. (eg. image=moby/buildkit:master) false } endpoint:{Optional address for docker socket or context from `docker context ls` false } install:{Sets up docker build command as an alias to docker buildx build false false} platforms:{Fixed platforms for current node. If not empty, values take priority over the detected ones false } use:{Switch to this builder instance false true} version:{Buildx version. (eg. v0.3.0) false }] map[driver:{Builder driver } endpoint:{Builder node endpoint (deprecated, use nodes output instead) } flags:{Builder node flags (deprecated, use nodes output instead) } name:{Builder name } nodes:{Builder nodes metadata } platforms:{Builder node platforms (preferred or available) } status:{Builder node status (deprecated, use nodes output instead) }] {node16 map[] dist/index.js  always() dist/index.js always()   [] []} {blue anchor}} from 'Unknown'
[build/Build/build] [DEBUG] Found revision: 52cfc3ad696a663e0a438bad84a836a1ba312501
[build/Build/build]   ☁  git clone 'https://github.com/sabio-engineering-product/ci-pipeline' # ref=main
[build/Build/build] [DEBUG]   cloning https://github.com/sabio-engineering-product/ci-pipeline to /home/ali/.cache/act/sabio-engineering-product-ci-pipeline-.github-actions-bundler-version@main
[build/Build/build] [DEBUG] Provided ref is not a sha. Checking out branch before pulling changes
[build/Build/build] [DEBUG] Cloned https://github.com/sabio-engineering-product/ci-pipeline to /home/ali/.cache/act/sabio-engineering-product-ci-pipeline-.github-actions-bundler-version@main
[build/Build/build] [DEBUG] Provided ref is not a sha. Updating branch ref after pull
[build/Build/build] [DEBUG] Checked out main
[build/Build/build] [DEBUG] Read action &{Get Bundler Version  Determines the current bundler version from the Gemfile.lock file. map[] map[version:{The version of bundler specified in Gemfile.lock ${{ steps.bundler-version.outputs.version }}}] {composite map[]   always()  always()   [] [{bundler-version {0 0    <nil> []    0 0} Bundler Version  BUNDLER_VERSION=`grep -A 1 "BUNDLED WITH" Gemfile.lock | tail -n 1 | grep -Eo '[0-9]+\.[0-9]+\.[0-9]+'`
echo "Bundler version: ${BUNDLER_VERSION}"
echo "version=${BUNDLER_VERSION}" >> ${GITHUB_OUTPUT}  bash {0 0    <nil> []    0 0} map[]  }]} { }} from 'Unknown'
[build/Build/build] [DEBUG] Found revision: 52cfc3ad696a663e0a438bad84a836a1ba312501
[build/Build/build] [DEBUG] Found revision: 52cfc3ad696a663e0a438bad84a836a1ba312501
[build/Build/build] [DEBUG] Found revision: 52cfc3ad696a663e0a438bad84a836a1ba312501
[build/Build/build] [DEBUG] Found revision: 52cfc3ad696a663e0a438bad84a836a1ba312501
[build/Build/build] [DEBUG] setupEnv => map[ACT:true ACTIONS_CACHE_URL:http://172.31.125.251:45447/ CI:true DATABASE_CLEANER_ALLOW_REMOTE_DATABASE_URL:true DATABASE_URL: GITHUB_ACTION:bundler-version GITHUB_ACTIONS:true GITHUB_ACTION_PATH: GITHUB_ACTION_REF:main GITHUB_ACTION_REPOSITORY:sabio-engineering-product/ci-pipeline GITHUB_ACTOR:nektos/act GITHUB_API_URL:https://api.github.com GITHUB_BASE_REF: GITHUB_EVENT_NAME:pull_request GITHUB_EVENT_PATH:/var/run/act/workflow/event.json GITHUB_GRAPHQL_URL:https://api.github.com/graphql GITHUB_HEAD_REF: GITHUB_JOB:build GITHUB_REF:refs/pull/%!f(<nil>)/merge GITHUB_REF_NAME:%!f(<nil>)/merge GITHUB_REF_TYPE: GITHUB_REPOSITORY:sabio-engineering-product/acme-rocket-api GITHUB_REPOSITORY_OWNER:sabio-engineering-product GITHUB_RETENTION_DAYS:0 GITHUB_RUN_ID:1 GITHUB_RUN_NUMBER:1 GITHUB_SERVER_URL:https://github.com GITHUB_SHA:52cfc3ad696a663e0a438bad84a836a1ba312501 GITHUB_TOKEN:*** GITHUB_WORKFLOW:Build GITHUB_WORKSPACE:/mnt/c/dev/git/product/acme-rocket/acme-rocket-api ImageOS:ubuntu20 RACK_ENV:test RAILS_ENV:test REGISTRY_USERNAME:oauth2accesstoken RUNNER_PERFLOG:/dev/null RUNNER_TRACKING_ID:]
[build/Build/build] [DEBUG] Found revision: 52cfc3ad696a663e0a438bad84a836a1ba312501
[build/Build/build] [DEBUG] Found revision: 52cfc3ad696a663e0a438bad84a836a1ba312501
[build/Build/build] [DEBUG] evaluating expression 'always()'
[build/Build/build] [DEBUG] expression 'always()' evaluated to 'true'
[build/Build/build] ⭐ Run Pre Get Bundler Version from Gemfile.lock
[build/Build/build] [DEBUG] Writing entry to tarball workflow/outputcmd.txt len:0
[build/Build/build] [DEBUG] Writing entry to tarball workflow/statecmd.txt len:0
[build/Build/build] [DEBUG] Writing entry to tarball workflow/pathcmd.txt len:0
[build/Build/build] [DEBUG] Writing entry to tarball workflow/envs.txt len:0
[build/Build/build] [DEBUG] Writing entry to tarball workflow/SUMMARY.md len:0
[build/Build/build] [DEBUG] Extracting content to '/var/run/act'
[build/Build/build] [DEBUG] run pre step for 'Get Bundler Version from Gemfile.lock'
[build/Build/build] [DEBUG] Found revision: 52cfc3ad696a663e0a438bad84a836a1ba312501
[build/Build/build] [DEBUG] Found revision: 52cfc3ad696a663e0a438bad84a836a1ba312501
[build/Build/build] [DEBUG] Found revision: 52cfc3ad696a663e0a438bad84a836a1ba312501
[build/Build/build]   ✅  Success - Pre Get Bundler Version from Gemfile.lock
[build/Build/build] [DEBUG] Found revision: 52cfc3ad696a663e0a438bad84a836a1ba312501
[build/Build/build]   ☁  git clone 'https://github.com/ruby/setup-ruby' # ref=v1
[build/Build/build] [DEBUG]   cloning https://github.com/ruby/setup-ruby to /home/ali/.cache/act/ruby-setup-ruby@v1
[build/Build/build] [DEBUG] Provided ref is not a sha. Checking out branch before pulling changes
[build/Build/build] [DEBUG] Cloned https://github.com/ruby/setup-ruby to /home/ali/.cache/act/ruby-setup-ruby@v1
[build/Build/build] [DEBUG] Provided ref is not a sha. Updating branch ref after pull
[build/Build/build] [DEBUG] Checked out v1
[build/Build/build] [DEBUG] Read action &{Setup Ruby, JRuby and TruffleRuby Benoit Daloze Download a prebuilt Ruby and add it to the PATH in 5 seconds map[bundler:{The version of Bundler to install. Either 'Gemfile.lock' (the default), 'default', 'latest', 'none', or a version number (e.g., 1, 2, 2.1, 2.1.4).
For 'Gemfile.lock', the version of the BUNDLED WITH section from the Gemfile.lock if it exists. If the file or section does not exist then the same as 'default'.
For 'default', if the Ruby ships with Bundler 2.2+ as a default gem, that version is used, otherwise the same as 'latest'.
For 'latest', the latest compatible Bundler version is installed (Bundler 2 on Ruby >= 2.3, Bundler 1 on Ruby < 2.3).
For 'none', nothing is done.
 false } bundler-cache:{Run "bundle install", and cache the result automatically. Either true or false. false false} cache-version:{Arbitrary string that will be added to the cache key of the bundler cache. Set or change it if you need
to invalidate the cache.
 false } ruby-version:{Engine and version to use, see the syntax in the README. Reads from .ruby-version or .tool-versions if unset. false default} rubygems:{The version of RubyGems to use. Either 'default' (the default), 'latest', or a version number (e.g., 3.3.5).
For 'default', no action is taken and the version of RubyGems that comes with Ruby by default is used.
For 'latest', `gem update --system` is run to update to the latest RubyGems version.
Similarly, if a version number is given, `gem update --system <version>` is run to update to that version of RubyGems, as long as that version is newer than the one provided by default.
 false } self-hosted:{Consider the runner as a self-hosted runner, which means not using prebuilt Ruby binaries which only work
on GitHub-hosted runners or self-hosted runners with a very similar image to the ones used by GitHub runners.
The default is to detect this automatically based on the OS, OS version and $RUNNER_TOOL_CACHE.
 false } working-directory:{The working directory to use for resolving paths for .ruby-version, .tool-versions and Gemfile.lock. false }] map[ruby-prefix:{The prefix of the installed ruby }] {node16 map[] dist/index.js  always()  always()   [] []} {red download}} from 'Unknown'
[build/Build/build] [DEBUG] Found revision: 52cfc3ad696a663e0a438bad84a836a1ba312501
[build/Build/build]   ☁  git clone 'https://github.com/actions/cache' # ref=v3
[build/Build/build] [DEBUG]   cloning https://github.com/actions/cache to /home/ali/.cache/act/actions-cache@v3
[build/Build/build] [DEBUG] Cloned https://github.com/actions/cache to /home/ali/.cache/act/actions-cache@v3
[build/Build/build] [DEBUG] Checked out v3
[build/Build/build] [DEBUG] Read action &{Cache GitHub Cache artifacts like dependencies and build outputs to improve workflow execution time map[enableCrossOsArchive:{An optional boolean when enabled, allows windows runners to save or restore caches that can be restored or saved respectively on other platforms false false} fail-on-cache-miss:{Fail the workflow if cache entry is not found false false} key:{An explicit key for restoring and saving the cache true } lookup-only:{Check if a cache entry exists for the given input(s) (key, restore-keys) without downloading the cache false false} path:{A list of files, directories, and wildcard patterns to cache and restore true } restore-keys:{An ordered list of keys to use for restoring stale cache if no cache hit occurred for key. Note `cache-hit` returns false in this case. false } upload-chunk-size:{The chunk size used to split up large files during upload, in bytes false }] map[cache-hit:{A boolean value to indicate an exact match was found for the primary key }] {node16 map[] dist/restore/index.js  always() dist/save/index.js success()   [] []} {gray-dark archive}} from 'Unknown'
[build/Build/build] [DEBUG] Found revision: 52cfc3ad696a663e0a438bad84a836a1ba312501
[build/Build/build]   ☁  git clone 'https://github.com/docker/build-push-action' # ref=v3
[build/Build/build] [DEBUG]   cloning https://github.com/docker/build-push-action to /home/ali/.cache/act/docker-build-push-action@v3
[build/Build/build] [DEBUG] Cloned https://github.com/docker/build-push-action to /home/ali/.cache/act/docker-build-push-action@v3
[build/Build/build] [DEBUG] Checked out v3
[build/Build/build] [DEBUG] Read action &{Build and push Docker images docker Build and push Docker images with Buildx map[add-hosts:{List of a customs host-to-IP mapping (e.g., docker:10.180.0.1) false } allow:{List of extra privileged entitlement (e.g., network.host,security.insecure) false } attests:{List of attestation parameters (e.g., type=sbom,generator=image) false } build-args:{List of build-time variables false } build-contexts:{List of additional build contexts (e.g., name=path) false } builder:{Builder instance false } cache-from:{List of external cache sources for buildx (e.g., user/app:cache, type=local,src=path/to/dir) false } cache-to:{List of cache export destinations for buildx (e.g., user/app:cache, type=local,dest=path/to/dir) false } cgroup-parent:{Optional parent cgroup for the container used in the build false } context:{Build's context is the set of files located in the specified PATH or URL false } file:{Path to the Dockerfile false } github-token:{GitHub Token used to authenticate against a repository for Git context false ${{ github.token }}} labels:{List of metadata for an image false } load:{Load is a shorthand for --output=type=docker false false} network:{Set the networking mode for the RUN instructions during build false } no-cache:{Do not use cache when building the image false false} no-cache-filters:{Do not cache specified stages false } outputs:{List of output destinations (format: type=local,dest=path) false } platforms:{List of target platforms for build false } provenance:{Generate provenance attestation for the build (shorthand for --attest=type=provenance) false } pull:{Always attempt to pull all referenced images false false} push:{Push is a shorthand for --output=type=registry false false} sbom:{Generate SBOM attestation for the build (shorthand for --attest=type=sbom) false } secret-files:{List of secret files to expose to the build (e.g., key=filename, MY_SECRET=./secret.txt) false } secrets:{List of secrets to expose to the build (e.g., key=string, GIT_AUTH_TOKEN=mytoken) false } shm-size:{Size of /dev/shm (e.g., 2g) false } ssh:{List of SSH agent socket or keys to expose to the build false } tags:{List of tags false } target:{Sets the target stage to build false } ulimit:{Ulimit options (e.g., nofile=1024:1024) false }] map[digest:{Image digest } imageid:{Image ID } metadata:{Build result metadata }] {node16 map[] dist/index.js  always() dist/index.js always()   [] []} {blue anchor}} from 'Unknown'
[build/Build/build] [DEBUG] Found revision: 52cfc3ad696a663e0a438bad84a836a1ba312501
[build/Build/build]   ☁  git clone 'https://github.com/sabio-engineering-product/ci-pipeline' # ref=main
[build/Build/build] [DEBUG]   cloning https://github.com/sabio-engineering-product/ci-pipeline to /home/ali/.cache/act/sabio-engineering-product-ci-pipeline-.github-actions-snyk-scan-image@main
[build/Build/build] [DEBUG] Provided ref is not a sha. Checking out branch before pulling changes
[build/Build/build] [DEBUG] Cloned https://github.com/sabio-engineering-product/ci-pipeline to /home/ali/.cache/act/sabio-engineering-product-ci-pipeline-.github-actions-snyk-scan-image@main
[build/Build/build] [DEBUG] Provided ref is not a sha. Updating branch ref after pull
[build/Build/build] [DEBUG] Checked out main
[build/Build/build] [DEBUG] Read action &{Snyk Scan Image  Scans a Docker image and Dockerfile for vulnerabilities. map[dockerfile:{ true } image:{ true } registry_password:{ true } registry_username:{ true } scan_report_name:{ false image-scan-report-${{ github.sha }}} severity_threshold:{ false medium} snyk_token:{ true }] map[] {composite map[]   always()  always()   [] [{ {0 0    <nil> []    0 0} Install Snyk CLI  curl https://static.snyk.io/cli/latest/snyk-linux -o snyk
chmod +x ./snyk
sudo mv ./snyk /usr/local/bin/snyk
  bash {0 0    <nil> []    0 0} map[]  } { {0 0    <nil> []    0 0} Scan Docker Image and Dockerfile for Vulnerabilities  snyk config set disableSuggestions=true
snyk container test ${{ inputs.image }} \
  --username="${{ inputs.registry_username }}" \
  --password="${{ inputs.registry_password }}" \
  --file="${{ inputs.dockerfile }}" \
  --severity-threshold="${{ inputs.severity_threshold }}" \
  --json-file-output="${{ inputs.scan_report_name }}.json" || :
  bash {4 0 !!map   <nil> [0xc00069c820 0xc00069c8c0]    34 7} map[]  } { {0 0    <nil> []    0 0} Save Vulnerability Report actions/upload-artifact@v3    {0 0    <nil> []    0 0} map[if-no-files-found:ignore name:${{ inputs.scan_report_name }} path:${{ inputs.scan_report_name }}.json]  }]} { }} from 'Unknown'
[build/Build/build] [DEBUG] Found revision: 52cfc3ad696a663e0a438bad84a836a1ba312501
[build/Build/build] [DEBUG] Found revision: 52cfc3ad696a663e0a438bad84a836a1ba312501
[build/Build/build] [DEBUG] Found revision: 52cfc3ad696a663e0a438bad84a836a1ba312501
[build/Build/build] [DEBUG] Found revision: 52cfc3ad696a663e0a438bad84a836a1ba312501
[build/Build/build] [DEBUG] expression '${{ env.REGISTRY_USERNAME }}' rewritten to 'format('{0}', env.REGISTRY_USERNAME)'
[build/Build/build] [DEBUG] evaluating expression 'format('{0}', env.REGISTRY_USERNAME)'
[build/Build/build] [DEBUG] expression 'format('{0}', env.REGISTRY_USERNAME)' evaluated to '%!t(string=oauth2accesstoken)'
[build/Build/build] [DEBUG] expression '${{ secrets.IMAGE_REGISTRY }}:${{ github.sha }}' rewritten to 'format('{0}:{1}', secrets.IMAGE_REGISTRY, github.sha)'
[build/Build/build] [DEBUG] evaluating expression 'format('{0}:{1}', secrets.IMAGE_REGISTRY, github.sha)'
[build/Build/build] [DEBUG] expression 'format('{0}:{1}', secrets.IMAGE_REGISTRY, github.sha)' evaluated to '%!t(string=***:52cfc3ad696a663e0a438bad84a836a1ba312501)'
[build/Build/build] [DEBUG] expression '${{ secrets.CONSOLE_SNYK_API_TOKEN }}' rewritten to 'format('{0}', secrets.CONSOLE_SNYK_API_TOKEN)'
[build/Build/build] [DEBUG] evaluating expression 'format('{0}', secrets.CONSOLE_SNYK_API_TOKEN)'
[build/Build/build] [DEBUG] expression 'format('{0}', secrets.CONSOLE_SNYK_API_TOKEN)' evaluated to '%!t(string=***)'
[build/Build/build] [DEBUG] expression '${{ steps.auth.outputs.access_token }}' rewritten to 'format('{0}', steps.auth.outputs.access_token)'
[build/Build/build] [DEBUG] evaluating expression 'format('{0}', steps.auth.outputs.access_token)'
[build/Build/build] [DEBUG] expression 'format('{0}', steps.auth.outputs.access_token)' evaluated to '%!t(string=)'
[build/Build/build] [DEBUG] setupEnv => map[ACT:true ACTIONS_CACHE_URL:http://172.31.125.251:45447/ CI:true DATABASE_CLEANER_ALLOW_REMOTE_DATABASE_URL:true DATABASE_URL: GITHUB_ACTION:12 GITHUB_ACTIONS:true GITHUB_ACTION_PATH: GITHUB_ACTION_REF:main GITHUB_ACTION_REPOSITORY:sabio-engineering-product/ci-pipeline GITHUB_ACTOR:nektos/act GITHUB_API_URL:https://api.github.com GITHUB_BASE_REF: GITHUB_EVENT_NAME:pull_request GITHUB_EVENT_PATH:/var/run/act/workflow/event.json GITHUB_GRAPHQL_URL:https://api.github.com/graphql GITHUB_HEAD_REF: GITHUB_JOB:build GITHUB_REF:refs/pull/%!f(<nil>)/merge GITHUB_REF_NAME:%!f(<nil>)/merge GITHUB_REF_TYPE: GITHUB_REPOSITORY:sabio-engineering-product/acme-rocket-api GITHUB_REPOSITORY_OWNER:sabio-engineering-product GITHUB_RETENTION_DAYS:0 GITHUB_RUN_ID:1 GITHUB_RUN_NUMBER:1 GITHUB_SERVER_URL:https://github.com GITHUB_SHA:52cfc3ad696a663e0a438bad84a836a1ba312501 GITHUB_TOKEN:*** GITHUB_WORKFLOW:Build GITHUB_WORKSPACE:/mnt/c/dev/git/product/acme-rocket/acme-rocket-api INPUT_DOCKERFILE:./Dockerfile INPUT_IMAGE:***:52cfc3ad696a663e0a438bad84a836a1ba312501 INPUT_REGISTRY_PASSWORD: INPUT_REGISTRY_USERNAME:oauth2accesstoken INPUT_SNYK_TOKEN:*** ImageOS:ubuntu20 RACK_ENV:test RAILS_ENV:test REGISTRY_USERNAME:oauth2accesstoken RUNNER_PERFLOG:/dev/null RUNNER_TRACKING_ID:]
[build/Build/build] [DEBUG] Found revision: 52cfc3ad696a663e0a438bad84a836a1ba312501
[build/Build/build] [DEBUG] Found revision: 52cfc3ad696a663e0a438bad84a836a1ba312501
[build/Build/build] [DEBUG] evaluating expression 'always()'
[build/Build/build] [DEBUG] expression 'always()' evaluated to 'true'
[build/Build/build] ⭐ Run Pre Scan Docker Image for Vulnerabilities
[build/Build/build] [DEBUG] Writing entry to tarball workflow/outputcmd.txt len:0
[build/Build/build] [DEBUG] Writing entry to tarball workflow/statecmd.txt len:0
[build/Build/build] [DEBUG] Writing entry to tarball workflow/pathcmd.txt len:0
[build/Build/build] [DEBUG] Writing entry to tarball workflow/envs.txt len:0
[build/Build/build] [DEBUG] Writing entry to tarball workflow/SUMMARY.md len:0
[build/Build/build] [DEBUG] Extracting content to '/var/run/act'
[build/Build/build] [DEBUG] run pre step for 'Scan Docker Image for Vulnerabilities'
[build/Build/build] [DEBUG] Found revision: 52cfc3ad696a663e0a438bad84a836a1ba312501
[build/Build/build] [DEBUG] Found revision: 52cfc3ad696a663e0a438bad84a836a1ba312501
[build/Build/build] [DEBUG] expression 'image-scan-report-${{ github.sha }}' rewritten to 'format('image-scan-report-{0}', github.sha)'
[build/Build/build] [DEBUG] evaluating expression 'format('image-scan-report-{0}', github.sha)'
[build/Build/build] [DEBUG] expression 'format('image-scan-report-{0}', github.sha)' evaluated to '%!t(string=image-scan-report-52cfc3ad696a663e0a438bad84a836a1ba312501)'
[build/Build/build] [DEBUG] Found revision: 52cfc3ad696a663e0a438bad84a836a1ba312501
[build/Build/build] [DEBUG] Found revision: 52cfc3ad696a663e0a438bad84a836a1ba312501
[build/Build/build]   ☁  git clone 'https://github.com/actions/upload-artifact' # ref=v3
[build/Build/build] [DEBUG]   cloning https://github.com/actions/upload-artifact to /home/ali/.cache/act/actions-upload-artifact@v3
[build/Build/build] [DEBUG] Cloned https://github.com/actions/upload-artifact to /home/ali/.cache/act/actions-upload-artifact@v3
[build/Build/build] [DEBUG] Checked out v3
[build/Build/build] [DEBUG] Read action &{Upload a Build Artifact GitHub Upload a build artifact that can be used by subsequent workflow steps map[if-no-files-found:{The desired behavior if no files are found using the provided path.
Available Options:
  warn: Output a warning but do not fail the action
  error: Fail the action with an error message
  ignore: Do not output any warnings or errors, the action does not fail
 false warn} name:{Artifact name false artifact} path:{A file, directory or wildcard pattern that describes what to upload true } retention-days:{Duration after which artifact will expire in days. 0 means using default retention.
Minimum 1 day. Maximum 90 days unless changed from the repository settings page.
 false }] map[] {node16 map[] dist/index.js  always()  always()   [] []} { }} from 'Unknown'
[build/Build/build]   ✅  Success - Pre Scan Docker Image for Vulnerabilities
[build/Build/build] [DEBUG] Found revision: 52cfc3ad696a663e0a438bad84a836a1ba312501
[build/Build/build] [DEBUG] Skipping local actions/checkout because workdir was already copied
[build/Build/build] [DEBUG] Found revision: 52cfc3ad696a663e0a438bad84a836a1ba312501
[build/Build/build] [DEBUG] Found revision: 52cfc3ad696a663e0a438bad84a836a1ba312501
[build/Build/build] [DEBUG] Found revision: 52cfc3ad696a663e0a438bad84a836a1ba312501
[build/Build/build] [DEBUG] setupEnv => map[ACT:true ACTIONS_CACHE_URL:http://172.31.125.251:45447/ CI:true DATABASE_CLEANER_ALLOW_REMOTE_DATABASE_URL:true DATABASE_URL: GITHUB_ACTION:0 GITHUB_ACTIONS:true GITHUB_ACTION_PATH: GITHUB_ACTION_REF:v3 GITHUB_ACTION_REPOSITORY:actions/checkout GITHUB_ACTOR:nektos/act GITHUB_API_URL:https://api.github.com GITHUB_BASE_REF: GITHUB_EVENT_NAME:pull_request GITHUB_EVENT_PATH:/var/run/act/workflow/event.json GITHUB_GRAPHQL_URL:https://api.github.com/graphql GITHUB_HEAD_REF: GITHUB_JOB:build GITHUB_REF:refs/pull/%!f(<nil>)/merge GITHUB_REF_NAME:%!f(<nil>)/merge GITHUB_REF_TYPE: GITHUB_REPOSITORY:sabio-engineering-product/acme-rocket-api GITHUB_REPOSITORY_OWNER:sabio-engineering-product GITHUB_RETENTION_DAYS:0 GITHUB_RUN_ID:1 GITHUB_RUN_NUMBER:1 GITHUB_SERVER_URL:https://github.com GITHUB_SHA:52cfc3ad696a663e0a438bad84a836a1ba312501 GITHUB_TOKEN:*** GITHUB_WORKFLOW:Build GITHUB_WORKSPACE:/mnt/c/dev/git/product/acme-rocket/acme-rocket-api ImageOS:ubuntu20 RACK_ENV:test RAILS_ENV:test REGISTRY_USERNAME:oauth2accesstoken RUNNER_PERFLOG:/dev/null RUNNER_TRACKING_ID:]
[build/Build/build] [DEBUG] Found revision: 52cfc3ad696a663e0a438bad84a836a1ba312501
[build/Build/build] [DEBUG] Found revision: 52cfc3ad696a663e0a438bad84a836a1ba312501
[build/Build/build] [DEBUG] evaluating expression ''
[build/Build/build] [DEBUG] expression '' evaluated to 'true'
[build/Build/build] ⭐ Run Main actions/checkout@v3
[build/Build/build] [DEBUG] Writing entry to tarball workflow/outputcmd.txt len:0
[build/Build/build] [DEBUG] Writing entry to tarball workflow/statecmd.txt len:0
[build/Build/build] [DEBUG] Writing entry to tarball workflow/pathcmd.txt len:0
[build/Build/build] [DEBUG] Writing entry to tarball workflow/envs.txt len:0
[build/Build/build] [DEBUG] Writing entry to tarball workflow/SUMMARY.md len:0
[build/Build/build] [DEBUG] Extracting content to '/var/run/act'
[build/Build/build] [DEBUG] Found revision: 52cfc3ad696a663e0a438bad84a836a1ba312501
[build/Build/build] [DEBUG] Found revision: 52cfc3ad696a663e0a438bad84a836a1ba312501
[build/Build/build]   🐳  docker cp src=/mnt/c/dev/git/product/acme-rocket/acme-rocket-api/. dst=/mnt/c/dev/git/product/acme-rocket/acme-rocket-api
[build/Build/build] [DEBUG] Writing tarball /tmp/act1574600462 from /mnt/c/dev/git/product/acme-rocket/acme-rocket-api/.
[build/Build/build] [DEBUG] Stripping prefix:/mnt/c/dev/git/product/acme-rocket/acme-rocket-api/ src:/mnt/c/dev/git/product/acme-rocket/acme-rocket-api/.
[build/Build/build] [DEBUG] Extracting content from '/tmp/act1574600462' to '/mnt/c/dev/git/product/acme-rocket/acme-rocket-api'
[build/Build/build]   ✅  Success - Main actions/checkout@v3
[build/Build/build] [DEBUG] Found revision: 52cfc3ad696a663e0a438bad84a836a1ba312501
[build/Build/build] [DEBUG] Found revision: 52cfc3ad696a663e0a438bad84a836a1ba312501
[build/Build/build] [DEBUG] Found revision: 52cfc3ad696a663e0a438bad84a836a1ba312501
[build/Build/build] [DEBUG] expression '${{ secrets.CONSOLE_DEPLOYMENT_SA_EMAIL }}' rewritten to 'format('{0}', secrets.CONSOLE_DEPLOYMENT_SA_EMAIL)'
[build/Build/build] [DEBUG] evaluating expression 'format('{0}', secrets.CONSOLE_DEPLOYMENT_SA_EMAIL)'
[build/Build/build] [DEBUG] expression 'format('{0}', secrets.CONSOLE_DEPLOYMENT_SA_EMAIL)' evaluated to '%!t(string=***)'
[build/Build/build] [DEBUG] expression '${{ secrets.CONSOLE_DEPLOYMENT_ID_PROVIDER }}' rewritten to 'format('{0}', secrets.CONSOLE_DEPLOYMENT_ID_PROVIDER)'
[build/Build/build] [DEBUG] evaluating expression 'format('{0}', secrets.CONSOLE_DEPLOYMENT_ID_PROVIDER)'
[build/Build/build] [DEBUG] expression 'format('{0}', secrets.CONSOLE_DEPLOYMENT_ID_PROVIDER)' evaluated to '%!t(string=***)'
[build/Build/build] [DEBUG] setupEnv => map[ACT:true ACTIONS_CACHE_URL:http://172.31.125.251:45447/ CI:true DATABASE_CLEANER_ALLOW_REMOTE_DATABASE_URL:true DATABASE_URL: GITHUB_ACTION:auth GITHUB_ACTIONS:true GITHUB_ACTION_PATH: GITHUB_ACTION_REF:v0 GITHUB_ACTION_REPOSITORY:google-github-actions/auth GITHUB_ACTOR:nektos/act GITHUB_API_URL:https://api.github.com GITHUB_BASE_REF: GITHUB_EVENT_NAME:pull_request GITHUB_EVENT_PATH:/var/run/act/workflow/event.json GITHUB_GRAPHQL_URL:https://api.github.com/graphql GITHUB_HEAD_REF: GITHUB_JOB:build GITHUB_REF:refs/pull/%!f(<nil>)/merge GITHUB_REF_NAME:%!f(<nil>)/merge GITHUB_REF_TYPE: GITHUB_REPOSITORY:sabio-engineering-product/acme-rocket-api GITHUB_REPOSITORY_OWNER:sabio-engineering-product GITHUB_RETENTION_DAYS:0 GITHUB_RUN_ID:1 GITHUB_RUN_NUMBER:1 GITHUB_SERVER_URL:https://github.com GITHUB_SHA:52cfc3ad696a663e0a438bad84a836a1ba312501 GITHUB_TOKEN:*** GITHUB_WORKFLOW:Build GITHUB_WORKSPACE:/mnt/c/dev/git/product/acme-rocket/acme-rocket-api INPUT_SERVICE_ACCOUNT:*** INPUT_TOKEN_FORMAT:access_token INPUT_WORKLOAD_IDENTITY_PROVIDER:*** ImageOS:ubuntu20 RACK_ENV:test RAILS_ENV:test REGISTRY_USERNAME:oauth2accesstoken RUNNER_PERFLOG:/dev/null RUNNER_TRACKING_ID:]
[build/Build/build] [DEBUG] Found revision: 52cfc3ad696a663e0a438bad84a836a1ba312501
[build/Build/build] [DEBUG] Found revision: 52cfc3ad696a663e0a438bad84a836a1ba312501
[build/Build/build] [DEBUG] evaluating expression ''
[build/Build/build] [DEBUG] expression '' evaluated to 'true'
[build/Build/build] ⭐ Run Main Get GitHub Auth Token for GAR
[build/Build/build] [DEBUG] Writing entry to tarball workflow/outputcmd.txt len:0
[build/Build/build] [DEBUG] Writing entry to tarball workflow/statecmd.txt len:0
[build/Build/build] [DEBUG] Writing entry to tarball workflow/pathcmd.txt len:0
[build/Build/build] [DEBUG] Writing entry to tarball workflow/envs.txt len:0
[build/Build/build] [DEBUG] Writing entry to tarball workflow/SUMMARY.md len:0
[build/Build/build] [DEBUG] Extracting content to '/var/run/act'
[build/Build/build] [DEBUG] Found revision: 52cfc3ad696a663e0a438bad84a836a1ba312501
[build/Build/build] [DEBUG] About to run action &{Authenticate to Google Cloud Google LLC Authenticate to Google Cloud from GitHub Actions via Workload Identity
Federation or service account keys. map[access_token_lifetime:{Desired lifetime duration of the access token, in seconds. This must be
specified as the number of seconds with a trailing "s" (e.g. 30s). This is
only valid when "token_format" is "access_token". false 3600s} access_token_scopes:{List of OAuth 2.0 access scopes to be included in the generated token.
This is only valid when "token_format" is "access_token". false https://www.googleapis.com/auth/cloud-platform} access_token_subject:{Email address of a user to impersonate for Domain-Wide Delegation Access
tokens created for Domain-Wide Delegation cannot have a lifetime beyond 1
hour. This is only valid when "token_format" is "access_token". false } audience:{The value for the audience (aud) parameter in GitHub's generated OIDC
token. This value defaults to the value of "workload_identity_provider",
which is also the default value Google Cloud expects for the audience
parameter on the token. false } backoff:{Delay time before trying another authentication attempt. This
is implemented using a fibonacci backoff method (e.g. 1-1-2-3-5).
This value defaults to 100 milliseconds when retries are greater than 0. false } backoff_limit:{Limits the retry backoff to the specified value. false } cleanup_credentials:{If true, the action will remove any created credentials from the
filesystem upon completion. This only applies if "create_credentials_file"
is true. false true} create_credentials_file:{If true, the action will securely generate a credentials file which can be
used for authentication via gcloud and Google Cloud SDKs. false true} credentials_json:{The Google Cloud JSON service account key to use for authentication. This
is mutually exclusive with "workload_identity_provider". false } delegates:{List of additional service account emails or unique identities to use for
impersonation in the chain. false } export_environment_variables:{If true, the action will export common environment variables which are
known to be consumed by popular downstream libraries and tools, including:

- CLOUDSDK_PROJECT
- CLOUDSDK_CORE_PROJECT
- GCP_PROJECT
- GCLOUD_PROJECT
- GOOGLE_CLOUD_PROJECT

If "create_credentials_file" is true, additional environment variables are
exported:

- CLOUDSDK_AUTH_CREDENTIAL_FILE_OVERRIDE
- GOOGLE_APPLICATION_CREDENTIALS
- GOOGLE_GHA_CREDS_PATH

If false, the action will not export any environment variables, meaning
future steps are unlikely to be automatically authenticated to Google
Cloud. false true} id_token_audience:{The audience (aud) for the generated Google Cloud ID Token. This is only
valid when "token_format" is "id_token". false } id_token_include_email:{Optional parameter of whether to include the service account email in the
generated token. If true, the token will contain "email" and
"email_verified" claims. This is only valid when "token_format" is
"id_token". false false} project_id:{ID of the default project to use for future API calls and invocations. If
unspecified, this action will attempt to extract the value from other
inputs such as "service_account" or "credentials_json". false } retries:{Number of times to retry a failed authentication attempt. This is useful
for automated pipelines that may execute before IAM permissions are fully propogated. false 0} service_account:{Email address or unique identifier of the Google Cloud service account for
which to generate credentials. This is required if
"workload_identity_provider" is specified. false } token_format:{Output format for the generated authentication token. For OAuth 2.0 access
tokens, specify "access_token". For OIDC tokens, specify "id_token". To
skip token generation, leave this value empty. false } workload_identity_provider:{The full identifier of the Workload Identity Provider, including the
project number, pool name, and provider name. If provided, this must be
the full identifier which includes all parts, for example:
"projects/123456789/locations/global/workloadIdentityPools/my-pool/providers/my-provider".
This is mutually exclusive with "credentials_json". false }] map[access_token:{The Google Cloud access token for calling other Google Cloud APIs. This is
only available when "token_format" is "access_token". } access_token_expiration:{The RFC3339 UTC "Zulu" format timestamp for the access token. This is only
available when "token_format" is "access_token". } credentials_file_path:{Path on the local filesystem where the generated credentials file resides.
This is only available if "create_credentials_file" was set to true. } id_token:{The Google Cloud ID token. This is only available when "token_format" is
"id_token". } project_id:{Provided or extracted value for the Google Cloud project ID. }] {node16 map[] dist/main/index.js  always() dist/post/index.js always()   [] []} {blue lock}}
[build/Build/build] [DEBUG] Found revision: 52cfc3ad696a663e0a438bad84a836a1ba312501
[build/Build/build] [DEBUG] Found revision: 52cfc3ad696a663e0a438bad84a836a1ba312501
[build/Build/build] [DEBUG] type=remote-action actionDir=/home/ali/.cache/act/google-github-actions-auth@v0 actionPath= workdir=/mnt/c/dev/git/product/acme-rocket/acme-rocket-api actionCacheDir=/home/ali/.cache/act actionName=google-github-actions-auth@v0 containerActionDir=/var/run/act/actions/google-github-actions-auth@v0
[build/Build/build] [DEBUG] Removing /home/ali/.cache/act/google-github-actions-auth@v0/.gitignore before docker cp
[build/Build/build] [DEBUG] /var/run/act/actions/google-github-actions-auth@v0
[build/Build/build]   🐳  docker cp src=/home/ali/.cache/act/google-github-actions-auth@v0/ dst=/var/run/act/actions/google-github-actions-auth@v0/
[build/Build/build] [DEBUG] Writing tarball /tmp/act1250790911 from /home/ali/.cache/act/google-github-actions-auth@v0/
[build/Build/build] [DEBUG] Stripping prefix:/home/ali/.cache/act/google-github-actions-auth@v0/ src:/home/ali/.cache/act/google-github-actions-auth@v0/
[build/Build/build] [DEBUG] Extracting content from '/tmp/act1250790911' to '/var/run/act/actions/google-github-actions-auth@v0/'
[build/Build/build] [DEBUG] executing remote job container: [node /var/run/act/actions/google-github-actions-auth@v0/dist/main/index.js]
[build/Build/build]   🐳  docker exec cmd=[node /var/run/act/actions/google-github-actions-auth@v0/dist/main/index.js] user= workdir=
[build/Build/build] [DEBUG] Exec command '[node /var/run/act/actions/google-github-actions-auth@v0/dist/main/index.js]'
[build/Build/build] [DEBUG] Working directory '/mnt/c/dev/git/product/acme-rocket/acme-rocket-api'
[build/Build/build]   💬  ::debug::Using workload identity provider "***"
[build/Build/build]   ❗  ::error::google-github-actions/auth failed with: retry function failed after 1 attempt: gitHub Actions did not inject $ACTIONS_ID_TOKEN_REQUEST_TOKEN or $ACTIONS_ID_TOKEN_REQUEST_URL into this job. This most likely means the GitHub Actions workflow permissions are incorrect, or this job is being run from a fork. For more information, please see https://docs.github.com/en/actions/security-guides/automatic-token-authentication#permissions-for-the-github_token
[build/Build/build]   ❌  Failure - Main Get GitHub Auth Token for GAR
[build/Build/build] exitcode '1': failure
[build/Build/build] [DEBUG] Found revision: 52cfc3ad696a663e0a438bad84a836a1ba312501
[build/Build/build] [DEBUG] Found revision: 52cfc3ad696a663e0a438bad84a836a1ba312501
[build/Build/build] [DEBUG] Found revision: 52cfc3ad696a663e0a438bad84a836a1ba312501
[build/Build/build] [DEBUG] expression '${{ steps.auth.outputs.access_token }}' rewritten to 'format('{0}', steps.auth.outputs.access_token)'
[build/Build/build] [DEBUG] evaluating expression 'format('{0}', steps.auth.outputs.access_token)'
[build/Build/build] [DEBUG] expression 'format('{0}', steps.auth.outputs.access_token)' evaluated to '%!t(string=)'
[build/Build/build] [DEBUG] expression '${{ secrets.IMAGE_REGISTRY }}' rewritten to 'format('{0}', secrets.IMAGE_REGISTRY)'
[build/Build/build] [DEBUG] evaluating expression 'format('{0}', secrets.IMAGE_REGISTRY)'
[build/Build/build] [DEBUG] expression 'format('{0}', secrets.IMAGE_REGISTRY)' evaluated to '%!t(string=***)'
[build/Build/build] [DEBUG] expression '${{ env.REGISTRY_USERNAME }}' rewritten to 'format('{0}', env.REGISTRY_USERNAME)'
[build/Build/build] [DEBUG] evaluating expression 'format('{0}', env.REGISTRY_USERNAME)'
[build/Build/build] [DEBUG] expression 'format('{0}', env.REGISTRY_USERNAME)' evaluated to '%!t(string=oauth2accesstoken)'
[build/Build/build] [DEBUG] setupEnv => map[ACT:true ACTIONS_CACHE_URL:http://172.31.125.251:45447/ CI:true DATABASE_CLEANER_ALLOW_REMOTE_DATABASE_URL:true DATABASE_URL: GITHUB_ACTION:2 GITHUB_ACTIONS:true GITHUB_ACTION_PATH: GITHUB_ACTION_REF:v2 GITHUB_ACTION_REPOSITORY:docker/login-action GITHUB_ACTOR:nektos/act GITHUB_API_URL:https://api.github.com GITHUB_BASE_REF: GITHUB_EVENT_NAME:pull_request GITHUB_EVENT_PATH:/var/run/act/workflow/event.json GITHUB_GRAPHQL_URL:https://api.github.com/graphql GITHUB_HEAD_REF: GITHUB_JOB:build GITHUB_REF:refs/pull/%!f(<nil>)/merge GITHUB_REF_NAME:%!f(<nil>)/merge GITHUB_REF_TYPE: GITHUB_REPOSITORY:sabio-engineering-product/acme-rocket-api GITHUB_REPOSITORY_OWNER:sabio-engineering-product GITHUB_RETENTION_DAYS:0 GITHUB_RUN_ID:1 GITHUB_RUN_NUMBER:1 GITHUB_SERVER_URL:https://github.com GITHUB_SHA:52cfc3ad696a663e0a438bad84a836a1ba312501 GITHUB_TOKEN:*** GITHUB_WORKFLOW:Build GITHUB_WORKSPACE:/mnt/c/dev/git/product/acme-rocket/acme-rocket-api INPUT_PASSWORD: INPUT_REGISTRY:*** INPUT_USERNAME:oauth2accesstoken ImageOS:ubuntu20 RACK_ENV:test RAILS_ENV:test REGISTRY_USERNAME:oauth2accesstoken RUNNER_PERFLOG:/dev/null RUNNER_TRACKING_ID:]
[build/Build/build] [DEBUG] Found revision: 52cfc3ad696a663e0a438bad84a836a1ba312501
[build/Build/build] [DEBUG] Found revision: 52cfc3ad696a663e0a438bad84a836a1ba312501
[build/Build/build] [DEBUG] evaluating expression ''
[build/Build/build] [DEBUG] expression '' evaluated to 'false'
[build/Build/build] [DEBUG] Skipping step 'Login to Google Artifact Registry' due to ''
[build/Build/build] [DEBUG] Found revision: 52cfc3ad696a663e0a438bad84a836a1ba312501
[build/Build/build] [DEBUG] Found revision: 52cfc3ad696a663e0a438bad84a836a1ba312501
[build/Build/build] [DEBUG] Found revision: 52cfc3ad696a663e0a438bad84a836a1ba312501
[build/Build/build] [DEBUG] expression '${{ github.sha }}' rewritten to 'format('{0}', github.sha)'
[build/Build/build] [DEBUG] evaluating expression 'format('{0}', github.sha)'
[build/Build/build] [DEBUG] expression 'format('{0}', github.sha)' evaluated to '%!t(string=52cfc3ad696a663e0a438bad84a836a1ba312501)'
[build/Build/build] [DEBUG] expression '${{ secrets.IMAGE_REGISTRY }}' rewritten to 'format('{0}', secrets.IMAGE_REGISTRY)'
[build/Build/build] [DEBUG] evaluating expression 'format('{0}', secrets.IMAGE_REGISTRY)'
[build/Build/build] [DEBUG] expression 'format('{0}', secrets.IMAGE_REGISTRY)' evaluated to '%!t(string=***)'
[build/Build/build] [DEBUG] setupEnv => map[ACT:true ACTIONS_CACHE_URL:http://172.31.125.251:45447/ CI:true DATABASE_CLEANER_ALLOW_REMOTE_DATABASE_URL:true DATABASE_URL: GITHUB_ACTION:image-check GITHUB_ACTIONS:true GITHUB_ACTION_PATH: GITHUB_ACTION_REF:main GITHUB_ACTION_REPOSITORY:sabio-engineering-product/ci-pipeline GITHUB_ACTOR:nektos/act GITHUB_API_URL:https://api.github.com GITHUB_BASE_REF: GITHUB_ENV:/var/run/act/workflow/envs.txt GITHUB_EVENT_NAME:pull_request GITHUB_EVENT_PATH:/var/run/act/workflow/event.json GITHUB_GRAPHQL_URL:https://api.github.com/graphql GITHUB_HEAD_REF: GITHUB_JOB:build GITHUB_OUTPUT:/var/run/act/workflow/outputcmd.txt GITHUB_PATH:/var/run/act/workflow/pathcmd.txt GITHUB_REF:refs/pull/%!f(<nil>)/merge GITHUB_REF_NAME:%!f(<nil>)/merge GITHUB_REF_TYPE: GITHUB_REPOSITORY:sabio-engineering-product/acme-rocket-api GITHUB_REPOSITORY_OWNER:sabio-engineering-product GITHUB_RETENTION_DAYS:0 GITHUB_RUN_ID:1 GITHUB_RUN_NUMBER:1 GITHUB_SERVER_URL:https://github.com GITHUB_SHA:52cfc3ad696a663e0a438bad84a836a1ba312501 GITHUB_STATE:/var/run/act/workflow/statecmd.txt GITHUB_STEP_SUMMARY:/var/run/act/workflow/SUMMARY.md GITHUB_TOKEN:*** GITHUB_WORKFLOW:Build GITHUB_WORKSPACE:/mnt/c/dev/git/product/acme-rocket/acme-rocket-api INPUT_REGISTRY:*** INPUT_TAG:52cfc3ad696a663e0a438bad84a836a1ba312501 ImageOS:ubuntu20 RACK_ENV:test RAILS_ENV:test REGISTRY_USERNAME:oauth2accesstoken RUNNER_PERFLOG:/dev/null RUNNER_TRACKING_ID:]
[build/Build/build] [DEBUG] Found revision: 52cfc3ad696a663e0a438bad84a836a1ba312501
[build/Build/build] [DEBUG] Found revision: 52cfc3ad696a663e0a438bad84a836a1ba312501
[build/Build/build] [DEBUG] evaluating expression ''
[build/Build/build] [DEBUG] expression '' evaluated to 'false'
[build/Build/build] [DEBUG] Skipping step 'Check if Image Already Exists' due to ''
[build/Build/build] [DEBUG] Found revision: 52cfc3ad696a663e0a438bad84a836a1ba312501
[build/Build/build] [DEBUG] Found revision: 52cfc3ad696a663e0a438bad84a836a1ba312501
[build/Build/build] [DEBUG] Found revision: 52cfc3ad696a663e0a438bad84a836a1ba312501
[build/Build/build] [DEBUG] setupEnv => map[ACT:true ACTIONS_CACHE_URL:http://172.31.125.251:45447/ CI:true DATABASE_CLEANER_ALLOW_REMOTE_DATABASE_URL:true DATABASE_URL: GITHUB_ACTION:docker-builder GITHUB_ACTIONS:true GITHUB_ACTION_PATH: GITHUB_ACTION_REF:v2 GITHUB_ACTION_REPOSITORY:docker/setup-buildx-action GITHUB_ACTOR:nektos/act GITHUB_API_URL:https://api.github.com GITHUB_BASE_REF: GITHUB_EVENT_NAME:pull_request GITHUB_EVENT_PATH:/var/run/act/workflow/event.json GITHUB_GRAPHQL_URL:https://api.github.com/graphql GITHUB_HEAD_REF: GITHUB_JOB:build GITHUB_REF:refs/pull/%!f(<nil>)/merge GITHUB_REF_NAME:%!f(<nil>)/merge GITHUB_REF_TYPE: GITHUB_REPOSITORY:sabio-engineering-product/acme-rocket-api GITHUB_REPOSITORY_OWNER:sabio-engineering-product GITHUB_RETENTION_DAYS:0 GITHUB_RUN_ID:1 GITHUB_RUN_NUMBER:1 GITHUB_SERVER_URL:https://github.com GITHUB_SHA:52cfc3ad696a663e0a438bad84a836a1ba312501 GITHUB_TOKEN:*** GITHUB_WORKFLOW:Build GITHUB_WORKSPACE:/mnt/c/dev/git/product/acme-rocket/acme-rocket-api ImageOS:ubuntu20 RACK_ENV:test RAILS_ENV:test REGISTRY_USERNAME:oauth2accesstoken RUNNER_PERFLOG:/dev/null RUNNER_TRACKING_ID:]
[build/Build/build] [DEBUG] Found revision: 52cfc3ad696a663e0a438bad84a836a1ba312501
[build/Build/build] [DEBUG] Found revision: 52cfc3ad696a663e0a438bad84a836a1ba312501
[build/Build/build] [DEBUG] evaluating expression '${{ steps.image-check.outputs.image_exists != 'true' }}'
[build/Build/build] [DEBUG] expression '${{ steps.image-check.outputs.image_exists != 'true' }}' evaluated to 'false'
[build/Build/build] [DEBUG] Skipping step 'Setup Docker Buildx' due to '${{ steps.image-check.outputs.image_exists != 'true' }}'
[build/Build/build] [DEBUG] Found revision: 52cfc3ad696a663e0a438bad84a836a1ba312501
[build/Build/build] [DEBUG] Found revision: 52cfc3ad696a663e0a438bad84a836a1ba312501
[build/Build/build] [DEBUG] Found revision: 52cfc3ad696a663e0a438bad84a836a1ba312501
[build/Build/build] [DEBUG] setupEnv => map[ACT:true ACTIONS_CACHE_URL:http://172.31.125.251:45447/ CI:true DATABASE_CLEANER_ALLOW_REMOTE_DATABASE_URL:true DATABASE_URL: GITHUB_ACTION:bundler-version GITHUB_ACTIONS:true GITHUB_ACTION_PATH: GITHUB_ACTION_REF:main GITHUB_ACTION_REPOSITORY:sabio-engineering-product/ci-pipeline GITHUB_ACTOR:nektos/act GITHUB_API_URL:https://api.github.com GITHUB_BASE_REF: GITHUB_ENV:/var/run/act/workflow/envs.txt GITHUB_EVENT_NAME:pull_request GITHUB_EVENT_PATH:/var/run/act/workflow/event.json GITHUB_GRAPHQL_URL:https://api.github.com/graphql GITHUB_HEAD_REF: GITHUB_JOB:build GITHUB_OUTPUT:/var/run/act/workflow/outputcmd.txt GITHUB_PATH:/var/run/act/workflow/pathcmd.txt GITHUB_REF:refs/pull/%!f(<nil>)/merge GITHUB_REF_NAME:%!f(<nil>)/merge GITHUB_REF_TYPE: GITHUB_REPOSITORY:sabio-engineering-product/acme-rocket-api GITHUB_REPOSITORY_OWNER:sabio-engineering-product GITHUB_RETENTION_DAYS:0 GITHUB_RUN_ID:1 GITHUB_RUN_NUMBER:1 GITHUB_SERVER_URL:https://github.com GITHUB_SHA:52cfc3ad696a663e0a438bad84a836a1ba312501 GITHUB_STATE:/var/run/act/workflow/statecmd.txt GITHUB_STEP_SUMMARY:/var/run/act/workflow/SUMMARY.md GITHUB_TOKEN:*** GITHUB_WORKFLOW:Build GITHUB_WORKSPACE:/mnt/c/dev/git/product/acme-rocket/acme-rocket-api ImageOS:ubuntu20 RACK_ENV:test RAILS_ENV:test REGISTRY_USERNAME:oauth2accesstoken RUNNER_PERFLOG:/dev/null RUNNER_TRACKING_ID:]
[build/Build/build] [DEBUG] Found revision: 52cfc3ad696a663e0a438bad84a836a1ba312501
[build/Build/build] [DEBUG] Found revision: 52cfc3ad696a663e0a438bad84a836a1ba312501
[build/Build/build] [DEBUG] evaluating expression ''
[build/Build/build] [DEBUG] expression '' evaluated to 'false'
[build/Build/build] [DEBUG] Skipping step 'Get Bundler Version from Gemfile.lock' due to ''
[build/Build/build] [DEBUG] Found revision: 52cfc3ad696a663e0a438bad84a836a1ba312501
[build/Build/build] [DEBUG] Found revision: 52cfc3ad696a663e0a438bad84a836a1ba312501
[build/Build/build] [DEBUG] expression '${{ secrets.BUNDLE_GEM__FURY__IO }}' rewritten to 'format('{0}', secrets.BUNDLE_GEM__FURY__IO)'
[build/Build/build] [DEBUG] evaluating expression 'format('{0}', secrets.BUNDLE_GEM__FURY__IO)'
[build/Build/build] [DEBUG] expression 'format('{0}', secrets.BUNDLE_GEM__FURY__IO)' evaluated to '%!t(string=***)'
[build/Build/build] [DEBUG] Found revision: 52cfc3ad696a663e0a438bad84a836a1ba312501
[build/Build/build] [DEBUG] expression '${{ env.RUBY_VERSION }}' rewritten to 'format('{0}', env.RUBY_VERSION)'
[build/Build/build] [DEBUG] evaluating expression 'format('{0}', env.RUBY_VERSION)'
[build/Build/build] [DEBUG] expression 'format('{0}', env.RUBY_VERSION)' evaluated to '%!t(string=)'
[build/Build/build] [DEBUG] expression '${{ needs.unit-tests.outputs.bundler_version }}' rewritten to 'format('{0}', needs.unit-tests.outputs.bundler_version)'
[build/Build/build] [DEBUG] evaluating expression 'format('{0}', needs.unit-tests.outputs.bundler_version)'
[build/Build/build] [DEBUG] expression 'format('{0}', needs.unit-tests.outputs.bundler_version)' evaluated to '%!t(string=)'
[build/Build/build] [DEBUG] setupEnv => map[ACT:true ACTIONS_CACHE_URL:http://172.31.125.251:45447/ BUNDLE_GEM__FURY__IO:*** CI:true DATABASE_CLEANER_ALLOW_REMOTE_DATABASE_URL:true DATABASE_URL: GITHUB_ACTION:6 GITHUB_ACTIONS:true GITHUB_ACTION_PATH: GITHUB_ACTION_REF:v1 GITHUB_ACTION_REPOSITORY:ruby/setup-ruby GITHUB_ACTOR:nektos/act GITHUB_API_URL:https://api.github.com GITHUB_BASE_REF: GITHUB_EVENT_NAME:pull_request GITHUB_EVENT_PATH:/var/run/act/workflow/event.json GITHUB_GRAPHQL_URL:https://api.github.com/graphql GITHUB_HEAD_REF: GITHUB_JOB:build GITHUB_REF:refs/pull/%!f(<nil>)/merge GITHUB_REF_NAME:%!f(<nil>)/merge GITHUB_REF_TYPE: GITHUB_REPOSITORY:sabio-engineering-product/acme-rocket-api GITHUB_REPOSITORY_OWNER:sabio-engineering-product GITHUB_RETENTION_DAYS:0 GITHUB_RUN_ID:1 GITHUB_RUN_NUMBER:1 GITHUB_SERVER_URL:https://github.com GITHUB_SHA:52cfc3ad696a663e0a438bad84a836a1ba312501 GITHUB_TOKEN:*** GITHUB_WORKFLOW:Build GITHUB_WORKSPACE:/mnt/c/dev/git/product/acme-rocket/acme-rocket-api INPUT_BUNDLER: INPUT_BUNDLER-CACHE:true INPUT_RUBY-VERSION: ImageOS:ubuntu20 RACK_ENV:test RAILS_ENV:test REGISTRY_USERNAME:oauth2accesstoken RUNNER_PERFLOG:/dev/null RUNNER_TRACKING_ID:]
[build/Build/build] [DEBUG] Found revision: 52cfc3ad696a663e0a438bad84a836a1ba312501
[build/Build/build] [DEBUG] Found revision: 52cfc3ad696a663e0a438bad84a836a1ba312501
[build/Build/build] [DEBUG] evaluating expression 'steps.image-check.outputs.image_exists != 'true''
[build/Build/build] [DEBUG] expression 'steps.image-check.outputs.image_exists != 'true'' evaluated to 'false'
[build/Build/build] [DEBUG] Skipping step 'Setup Ruby' due to 'steps.image-check.outputs.image_exists != 'true''
[build/Build/build] [DEBUG] Found revision: 52cfc3ad696a663e0a438bad84a836a1ba312501
[build/Build/build] [DEBUG] Found revision: 52cfc3ad696a663e0a438bad84a836a1ba312501
[build/Build/build] [DEBUG] Found revision: 52cfc3ad696a663e0a438bad84a836a1ba312501
[build/Build/build] [DEBUG] setupEnv => map[ACT:true ACTIONS_CACHE_URL:http://172.31.125.251:45447/ CI:true DATABASE_CLEANER_ALLOW_REMOTE_DATABASE_URL:true DATABASE_URL: GITHUB_ACTION:7 GITHUB_ACTIONS:true GITHUB_ACTION_PATH: GITHUB_ACTION_REF: GITHUB_ACTION_REPOSITORY: GITHUB_ACTOR:nektos/act GITHUB_API_URL:https://api.github.com GITHUB_BASE_REF: GITHUB_EVENT_NAME:pull_request GITHUB_EVENT_PATH:/var/run/act/workflow/event.json GITHUB_GRAPHQL_URL:https://api.github.com/graphql GITHUB_HEAD_REF: GITHUB_JOB:build GITHUB_REF:refs/pull/%!f(<nil>)/merge GITHUB_REF_NAME:%!f(<nil>)/merge GITHUB_REF_TYPE: GITHUB_REPOSITORY:sabio-engineering-product/acme-rocket-api GITHUB_REPOSITORY_OWNER:sabio-engineering-product GITHUB_RETENTION_DAYS:0 GITHUB_RUN_ID:1 GITHUB_RUN_NUMBER:1 GITHUB_SERVER_URL:https://github.com GITHUB_SHA:52cfc3ad696a663e0a438bad84a836a1ba312501 GITHUB_TOKEN:*** GITHUB_WORKFLOW:Build GITHUB_WORKSPACE:/mnt/c/dev/git/product/acme-rocket/acme-rocket-api ImageOS:ubuntu20 RACK_ENV:test RAILS_ENV:test REGISTRY_USERNAME:oauth2accesstoken RUNNER_PERFLOG:/dev/null RUNNER_TRACKING_ID:]
[build/Build/build] [DEBUG] Found revision: 52cfc3ad696a663e0a438bad84a836a1ba312501
[build/Build/build] [DEBUG] Found revision: 52cfc3ad696a663e0a438bad84a836a1ba312501
[build/Build/build] [DEBUG] evaluating expression 'steps.image-check.outputs.image_exists != 'true''
[build/Build/build] [DEBUG] expression 'steps.image-check.outputs.image_exists != 'true'' evaluated to 'false'
[build/Build/build] [DEBUG] Skipping step 'Setup Environment File' due to 'steps.image-check.outputs.image_exists != 'true''
[build/Build/build] [DEBUG] Found revision: 52cfc3ad696a663e0a438bad84a836a1ba312501
[build/Build/build] [DEBUG] Found revision: 52cfc3ad696a663e0a438bad84a836a1ba312501
[build/Build/build] [DEBUG] Found revision: 52cfc3ad696a663e0a438bad84a836a1ba312501
[build/Build/build] [DEBUG] setupEnv => map[ACT:true ACTIONS_CACHE_URL:http://172.31.125.251:45447/ CI:true DATABASE_CLEANER_ALLOW_REMOTE_DATABASE_URL:true DATABASE_URL: GITHUB_ACTION:8 GITHUB_ACTIONS:true GITHUB_ACTION_PATH: GITHUB_ACTION_REF: GITHUB_ACTION_REPOSITORY: GITHUB_ACTOR:nektos/act GITHUB_API_URL:https://api.github.com GITHUB_BASE_REF: GITHUB_EVENT_NAME:pull_request GITHUB_EVENT_PATH:/var/run/act/workflow/event.json GITHUB_GRAPHQL_URL:https://api.github.com/graphql GITHUB_HEAD_REF: GITHUB_JOB:build GITHUB_REF:refs/pull/%!f(<nil>)/merge GITHUB_REF_NAME:%!f(<nil>)/merge GITHUB_REF_TYPE: GITHUB_REPOSITORY:sabio-engineering-product/acme-rocket-api GITHUB_REPOSITORY_OWNER:sabio-engineering-product GITHUB_RETENTION_DAYS:0 GITHUB_RUN_ID:1 GITHUB_RUN_NUMBER:1 GITHUB_SERVER_URL:https://github.com GITHUB_SHA:52cfc3ad696a663e0a438bad84a836a1ba312501 GITHUB_TOKEN:*** GITHUB_WORKFLOW:Build GITHUB_WORKSPACE:/mnt/c/dev/git/product/acme-rocket/acme-rocket-api ImageOS:ubuntu20 RACK_ENV:test RAILS_ENV:test REGISTRY_USERNAME:oauth2accesstoken RUNNER_PERFLOG:/dev/null RUNNER_TRACKING_ID:]
[build/Build/build] [DEBUG] Found revision: 52cfc3ad696a663e0a438bad84a836a1ba312501
[build/Build/build] [DEBUG] Found revision: 52cfc3ad696a663e0a438bad84a836a1ba312501
[build/Build/build] [DEBUG] evaluating expression 'steps.image-check.outputs.image_exists != 'true''
[build/Build/build] [DEBUG] expression 'steps.image-check.outputs.image_exists != 'true'' evaluated to 'false'
[build/Build/build] [DEBUG] Skipping step 'Generate API Docs' due to 'steps.image-check.outputs.image_exists != 'true''
[build/Build/build] [DEBUG] Found revision: 52cfc3ad696a663e0a438bad84a836a1ba312501
[build/Build/build] [DEBUG] Found revision: 52cfc3ad696a663e0a438bad84a836a1ba312501
[build/Build/build] [DEBUG] Found revision: 52cfc3ad696a663e0a438bad84a836a1ba312501
[build/Build/build] [DEBUG] expression '/tmp/.buildx-cache-${{ github.event.inputs.release_name }}' rewritten to 'format('/tmp/.buildx-cache-{0}', github.event.inputs.release_name)'
[build/Build/build] [DEBUG] evaluating expression 'format('/tmp/.buildx-cache-{0}', github.event.inputs.release_name)'
[build/Build/build] [DEBUG] expression 'format('/tmp/.buildx-cache-{0}', github.event.inputs.release_name)' evaluated to '%!t(string=/tmp/.buildx-cache-)'
[build/Build/build] [DEBUG] expression '${{ runner.os }}-buildx-${{ github.event.inputs.release_name }}-${{ hashFiles('Dockerfile') }}' rewritten to 'format('{0}-buildx-{1}-{2}', runner.os, github.event.inputs.release_name, hashFiles('Dockerfile'))'
[build/Build/build] [DEBUG] evaluating expression 'format('{0}-buildx-{1}-{2}', runner.os, github.event.inputs.release_name, hashFiles('Dockerfile'))'
[build/Build/build] [DEBUG] expression 'format('{0}-buildx-{1}-{2}', runner.os, github.event.inputs.release_name, hashFiles('Dockerfile'))' evaluated to '%!t(string=Linux-buildx--9ac6ddfd26d40900c30434bbf622548db87c3522749934fba8d32d48a2e19cf6)'
[build/Build/build] [DEBUG] expression '${{ runner.os }}-buildx-${{ github.event.inputs.release_name }}
' rewritten to 'format('{0}-buildx-{1}
', runner.os, github.event.inputs.release_name)'
[build/Build/build] [DEBUG] evaluating expression 'format('{0}-buildx-{1}
', runner.os, github.event.inputs.release_name)'
[build/Build/build] [DEBUG] expression 'format('{0}-buildx-{1}
', runner.os, github.event.inputs.release_name)' evaluated to '%!t(string=Linux-buildx-
)'
[build/Build/build] [DEBUG] setupEnv => map[ACT:true ACTIONS_CACHE_URL:http://172.31.125.251:45447/ CI:true DATABASE_CLEANER_ALLOW_REMOTE_DATABASE_URL:true DATABASE_URL: GITHUB_ACTION:image-cache GITHUB_ACTIONS:true GITHUB_ACTION_PATH: GITHUB_ACTION_REF:v3 GITHUB_ACTION_REPOSITORY:actions/cache GITHUB_ACTOR:nektos/act GITHUB_API_URL:https://api.github.com GITHUB_BASE_REF: GITHUB_EVENT_NAME:pull_request GITHUB_EVENT_PATH:/var/run/act/workflow/event.json GITHUB_GRAPHQL_URL:https://api.github.com/graphql GITHUB_HEAD_REF: GITHUB_JOB:build GITHUB_REF:refs/pull/%!f(<nil>)/merge GITHUB_REF_NAME:%!f(<nil>)/merge GITHUB_REF_TYPE: GITHUB_REPOSITORY:sabio-engineering-product/acme-rocket-api GITHUB_REPOSITORY_OWNER:sabio-engineering-product GITHUB_RETENTION_DAYS:0 GITHUB_RUN_ID:1 GITHUB_RUN_NUMBER:1 GITHUB_SERVER_URL:https://github.com GITHUB_SHA:52cfc3ad696a663e0a438bad84a836a1ba312501 GITHUB_TOKEN:*** GITHUB_WORKFLOW:Build GITHUB_WORKSPACE:/mnt/c/dev/git/product/acme-rocket/acme-rocket-api INPUT_KEY:Linux-buildx--9ac6ddfd26d40900c30434bbf622548db87c3522749934fba8d32d48a2e19cf6 INPUT_PATH:/tmp/.buildx-cache- INPUT_RESTORE-KEYS:Linux-buildx-
 ImageOS:ubuntu20 RACK_ENV:test RAILS_ENV:test REGISTRY_USERNAME:oauth2accesstoken RUNNER_PERFLOG:/dev/null RUNNER_TRACKING_ID:]
[build/Build/build] [DEBUG] Found revision: 52cfc3ad696a663e0a438bad84a836a1ba312501
[build/Build/build] [DEBUG] Found revision: 52cfc3ad696a663e0a438bad84a836a1ba312501
[build/Build/build] [DEBUG] evaluating expression '${{ steps.image-check.outputs.image_exists != 'true' }}'
[build/Build/build] [DEBUG] expression '${{ steps.image-check.outputs.image_exists != 'true' }}' evaluated to 'false'
[build/Build/build] [DEBUG] Skipping step 'Restore App Image Layers from Cache' due to '${{ steps.image-check.outputs.image_exists != 'true' }}'
[build/Build/build] [DEBUG] Found revision: 52cfc3ad696a663e0a438bad84a836a1ba312501
[build/Build/build] [DEBUG] Found revision: 52cfc3ad696a663e0a438bad84a836a1ba312501
[build/Build/build] [DEBUG] Found revision: 52cfc3ad696a663e0a438bad84a836a1ba312501
[build/Build/build] [DEBUG] expression 'type=local,dest=/tmp/.buildx-cache-${{ github.event.inputs.release_name }}' rewritten to 'format('type=local,dest=/tmp/.buildx-cache-{0}', github.event.inputs.release_name)'
[build/Build/build] [DEBUG] evaluating expression 'format('type=local,dest=/tmp/.buildx-cache-{0}', github.event.inputs.release_name)'
[build/Build/build] [DEBUG] expression 'format('type=local,dest=/tmp/.buildx-cache-{0}', github.event.inputs.release_name)' evaluated to '%!t(string=type=local,dest=/tmp/.buildx-cache-)'
[build/Build/build] [DEBUG] expression 'type=local,src=/tmp/.buildx-cache-${{ github.event.inputs.release_name }}' rewritten to 'format('type=local,src=/tmp/.buildx-cache-{0}', github.event.inputs.release_name)'
[build/Build/build] [DEBUG] evaluating expression 'format('type=local,src=/tmp/.buildx-cache-{0}', github.event.inputs.release_name)'
[build/Build/build] [DEBUG] expression 'format('type=local,src=/tmp/.buildx-cache-{0}', github.event.inputs.release_name)' evaluated to '%!t(string=type=local,src=/tmp/.buildx-cache-)'
[build/Build/build] [DEBUG] expression '${{ secrets.IMAGE_REGISTRY }}:${{ github.sha }}' rewritten to 'format('{0}:{1}', secrets.IMAGE_REGISTRY, github.sha)'
[build/Build/build] [DEBUG] evaluating expression 'format('{0}:{1}', secrets.IMAGE_REGISTRY, github.sha)'
[build/Build/build] [DEBUG] expression 'format('{0}:{1}', secrets.IMAGE_REGISTRY, github.sha)' evaluated to '%!t(string=***:52cfc3ad696a663e0a438bad84a836a1ba312501)'
[build/Build/build] [DEBUG] expression '${{ steps.docker-builder.outputs.name }}' rewritten to 'format('{0}', steps.docker-builder.outputs.name)'
[build/Build/build] [DEBUG] evaluating expression 'format('{0}', steps.docker-builder.outputs.name)'
[build/Build/build] [DEBUG] expression 'format('{0}', steps.docker-builder.outputs.name)' evaluated to '%!t(string=)'
[build/Build/build] [DEBUG] expression 'BUNDLE_GEM__FURY__IO=${{ secrets.BUNDLE_GEM__FURY__IO }}
BUNDLER_VERSION=${{ needs.unit-tests.outputs.bundler_version }}
' rewritten to 'format('BUNDLE_GEM__FURY__IO={0}
BUNDLER_VERSION={1}
', secrets.BUNDLE_GEM__FURY__IO, needs.unit-tests.outputs.bundler_version)'
[build/Build/build] [DEBUG] evaluating expression 'format('BUNDLE_GEM__FURY__IO={0}
BUNDLER_VERSION={1}
', secrets.BUNDLE_GEM__FURY__IO, needs.unit-tests.outputs.bundler_version)'
[build/Build/build] [DEBUG] expression 'format('BUNDLE_GEM__FURY__IO={0}
BUNDLER_VERSION={1}
', secrets.BUNDLE_GEM__FURY__IO, needs.unit-tests.outputs.bundler_version)' evaluated to '%!t(string=BUNDLE_GEM__FURY__IO=***
BUNDLER_VERSION=
)'
[build/Build/build] [DEBUG] setupEnv => map[ACT:true ACTIONS_CACHE_URL:http://172.31.125.251:45447/ CI:true DATABASE_CLEANER_ALLOW_REMOTE_DATABASE_URL:true DATABASE_URL: GITHUB_ACTION:build-image GITHUB_ACTIONS:true GITHUB_ACTION_PATH: GITHUB_ACTION_REF:v3 GITHUB_ACTION_REPOSITORY:docker/build-push-action GITHUB_ACTOR:nektos/act GITHUB_API_URL:https://api.github.com GITHUB_BASE_REF: GITHUB_EVENT_NAME:pull_request GITHUB_EVENT_PATH:/var/run/act/workflow/event.json GITHUB_GRAPHQL_URL:https://api.github.com/graphql GITHUB_HEAD_REF: GITHUB_JOB:build GITHUB_REF:refs/pull/%!f(<nil>)/merge GITHUB_REF_NAME:%!f(<nil>)/merge GITHUB_REF_TYPE: GITHUB_REPOSITORY:sabio-engineering-product/acme-rocket-api GITHUB_REPOSITORY_OWNER:sabio-engineering-product GITHUB_RETENTION_DAYS:0 GITHUB_RUN_ID:1 GITHUB_RUN_NUMBER:1 GITHUB_SERVER_URL:https://github.com GITHUB_SHA:52cfc3ad696a663e0a438bad84a836a1ba312501 GITHUB_TOKEN:*** GITHUB_WORKFLOW:Build GITHUB_WORKSPACE:/mnt/c/dev/git/product/acme-rocket/acme-rocket-api INPUT_BUILD-ARGS:BUNDLE_GEM__FURY__IO=***
BUNDLER_VERSION=
 INPUT_BUILDER: INPUT_CACHE-FROM:type=local,src=/tmp/.buildx-cache- INPUT_CACHE-TO:type=local,dest=/tmp/.buildx-cache- INPUT_CONTEXT:. INPUT_PLATFORMS:linux/amd64 INPUT_PUSH:true INPUT_TAGS:***:52cfc3ad696a663e0a438bad84a836a1ba312501 ImageOS:ubuntu20 RACK_ENV:test RAILS_ENV:test REGISTRY_USERNAME:oauth2accesstoken RUNNER_PERFLOG:/dev/null RUNNER_TRACKING_ID:]
[build/Build/build] [DEBUG] Found revision: 52cfc3ad696a663e0a438bad84a836a1ba312501
[build/Build/build] [DEBUG] Found revision: 52cfc3ad696a663e0a438bad84a836a1ba312501
[build/Build/build] [DEBUG] evaluating expression '${{ steps.image-check.outputs.image_exists != 'true' }}'
[build/Build/build] [DEBUG] expression '${{ steps.image-check.outputs.image_exists != 'true' }}' evaluated to 'false'
[build/Build/build] [DEBUG] Skipping step 'Build App Image' due to '${{ steps.image-check.outputs.image_exists != 'true' }}'
[build/Build/build] [DEBUG] Found revision: 52cfc3ad696a663e0a438bad84a836a1ba312501
[build/Build/build] [DEBUG] Found revision: 52cfc3ad696a663e0a438bad84a836a1ba312501
[build/Build/build] [DEBUG] Found revision: 52cfc3ad696a663e0a438bad84a836a1ba312501
[build/Build/build] [DEBUG] setupEnv => map[ACT:true ACTIONS_CACHE_URL:http://172.31.125.251:45447/ CI:true DATABASE_CLEANER_ALLOW_REMOTE_DATABASE_URL:true DATABASE_URL: GITHUB_ACTION:11 GITHUB_ACTIONS:true GITHUB_ACTION_PATH: GITHUB_ACTION_REF: GITHUB_ACTION_REPOSITORY: GITHUB_ACTOR:nektos/act GITHUB_API_URL:https://api.github.com GITHUB_BASE_REF: GITHUB_EVENT_NAME:pull_request GITHUB_EVENT_PATH:/var/run/act/workflow/event.json GITHUB_GRAPHQL_URL:https://api.github.com/graphql GITHUB_HEAD_REF: GITHUB_JOB:build GITHUB_REF:refs/pull/%!f(<nil>)/merge GITHUB_REF_NAME:%!f(<nil>)/merge GITHUB_REF_TYPE: GITHUB_REPOSITORY:sabio-engineering-product/acme-rocket-api GITHUB_REPOSITORY_OWNER:sabio-engineering-product GITHUB_RETENTION_DAYS:0 GITHUB_RUN_ID:1 GITHUB_RUN_NUMBER:1 GITHUB_SERVER_URL:https://github.com GITHUB_SHA:52cfc3ad696a663e0a438bad84a836a1ba312501 GITHUB_TOKEN:*** GITHUB_WORKFLOW:Build GITHUB_WORKSPACE:/mnt/c/dev/git/product/acme-rocket/acme-rocket-api ImageOS:ubuntu20 RACK_ENV:test RAILS_ENV:test REGISTRY_USERNAME:oauth2accesstoken RUNNER_PERFLOG:/dev/null RUNNER_TRACKING_ID:]
[build/Build/build] [DEBUG] Found revision: 52cfc3ad696a663e0a438bad84a836a1ba312501
[build/Build/build] [DEBUG] Found revision: 52cfc3ad696a663e0a438bad84a836a1ba312501
[build/Build/build] [DEBUG] evaluating expression '${{ steps.image-check.outputs.image_exists != 'true' }}'
[build/Build/build] [DEBUG] expression '${{ steps.image-check.outputs.image_exists != 'true' }}' evaluated to 'false'
[build/Build/build] [DEBUG] Skipping step 'App Image Digest (SHA)' due to '${{ steps.image-check.outputs.image_exists != 'true' }}'
[build/Build/build] [DEBUG] Found revision: 52cfc3ad696a663e0a438bad84a836a1ba312501
[build/Build/build] [DEBUG] Found revision: 52cfc3ad696a663e0a438bad84a836a1ba312501
[build/Build/build] [DEBUG] Found revision: 52cfc3ad696a663e0a438bad84a836a1ba312501
[build/Build/build] [DEBUG] expression '${{ steps.auth.outputs.access_token }}' rewritten to 'format('{0}', steps.auth.outputs.access_token)'
[build/Build/build] [DEBUG] evaluating expression 'format('{0}', steps.auth.outputs.access_token)'
[build/Build/build] [DEBUG] expression 'format('{0}', steps.auth.outputs.access_token)' evaluated to '%!t(string=)'
[build/Build/build] [DEBUG] expression '${{ secrets.IMAGE_REGISTRY }}:${{ github.sha }}' rewritten to 'format('{0}:{1}', secrets.IMAGE_REGISTRY, github.sha)'
[build/Build/build] [DEBUG] evaluating expression 'format('{0}:{1}', secrets.IMAGE_REGISTRY, github.sha)'
[build/Build/build] [DEBUG] expression 'format('{0}:{1}', secrets.IMAGE_REGISTRY, github.sha)' evaluated to '%!t(string=***:52cfc3ad696a663e0a438bad84a836a1ba312501)'
[build/Build/build] [DEBUG] expression '${{ secrets.CONSOLE_SNYK_API_TOKEN }}' rewritten to 'format('{0}', secrets.CONSOLE_SNYK_API_TOKEN)'
[build/Build/build] [DEBUG] evaluating expression 'format('{0}', secrets.CONSOLE_SNYK_API_TOKEN)'
[build/Build/build] [DEBUG] expression 'format('{0}', secrets.CONSOLE_SNYK_API_TOKEN)' evaluated to '%!t(string=***)'
[build/Build/build] [DEBUG] expression '${{ env.REGISTRY_USERNAME }}' rewritten to 'format('{0}', env.REGISTRY_USERNAME)'
[build/Build/build] [DEBUG] evaluating expression 'format('{0}', env.REGISTRY_USERNAME)'
[build/Build/build] [DEBUG] expression 'format('{0}', env.REGISTRY_USERNAME)' evaluated to '%!t(string=oauth2accesstoken)'
[build/Build/build] [DEBUG] setupEnv => map[ACT:true ACTIONS_CACHE_URL:http://172.31.125.251:45447/ CI:true DATABASE_CLEANER_ALLOW_REMOTE_DATABASE_URL:true DATABASE_URL: GITHUB_ACTION:12 GITHUB_ACTIONS:true GITHUB_ACTION_PATH: GITHUB_ACTION_REF:main GITHUB_ACTION_REPOSITORY:sabio-engineering-product/ci-pipeline GITHUB_ACTOR:nektos/act GITHUB_API_URL:https://api.github.com GITHUB_BASE_REF: GITHUB_ENV:/var/run/act/workflow/envs.txt GITHUB_EVENT_NAME:pull_request GITHUB_EVENT_PATH:/var/run/act/workflow/event.json GITHUB_GRAPHQL_URL:https://api.github.com/graphql GITHUB_HEAD_REF: GITHUB_JOB:build GITHUB_OUTPUT:/var/run/act/workflow/outputcmd.txt GITHUB_PATH:/var/run/act/workflow/pathcmd.txt GITHUB_REF:refs/pull/%!f(<nil>)/merge GITHUB_REF_NAME:%!f(<nil>)/merge GITHUB_REF_TYPE: GITHUB_REPOSITORY:sabio-engineering-product/acme-rocket-api GITHUB_REPOSITORY_OWNER:sabio-engineering-product GITHUB_RETENTION_DAYS:0 GITHUB_RUN_ID:1 GITHUB_RUN_NUMBER:1 GITHUB_SERVER_URL:https://github.com GITHUB_SHA:52cfc3ad696a663e0a438bad84a836a1ba312501 GITHUB_STATE:/var/run/act/workflow/statecmd.txt GITHUB_STEP_SUMMARY:/var/run/act/workflow/SUMMARY.md GITHUB_TOKEN:*** GITHUB_WORKFLOW:Build GITHUB_WORKSPACE:/mnt/c/dev/git/product/acme-rocket/acme-rocket-api INPUT_DOCKERFILE:./Dockerfile INPUT_IMAGE:***:52cfc3ad696a663e0a438bad84a836a1ba312501 INPUT_REGISTRY_PASSWORD: INPUT_REGISTRY_USERNAME:oauth2accesstoken INPUT_SNYK_TOKEN:*** ImageOS:ubuntu20 RACK_ENV:test RAILS_ENV:test REGISTRY_USERNAME:oauth2accesstoken RUNNER_PERFLOG:/dev/null RUNNER_TRACKING_ID:]
[build/Build/build] [DEBUG] Found revision: 52cfc3ad696a663e0a438bad84a836a1ba312501
[build/Build/build] [DEBUG] Found revision: 52cfc3ad696a663e0a438bad84a836a1ba312501
[build/Build/build] [DEBUG] evaluating expression '${{ steps.image-check.outputs.image_exists != 'true' }}'
[build/Build/build] [DEBUG] expression '${{ steps.image-check.outputs.image_exists != 'true' }}' evaluated to 'false'
[build/Build/build] [DEBUG] Skipping step 'Scan Docker Image for Vulnerabilities' due to '${{ steps.image-check.outputs.image_exists != 'true' }}'
[build/Build/build] [DEBUG] skipping post step for 'Scan Docker Image for Vulnerabilities'; main step was skipped
[build/Build/build] [DEBUG] skipping post step for 'Build App Image'; main step was skipped
[build/Build/build] [DEBUG] skipping post step for 'Restore App Image Layers from Cache'; main step was skipped
[build/Build/build] [DEBUG] skipping post step for 'Setup Ruby'; main step was skipped
[build/Build/build] [DEBUG] skipping post step for 'Get Bundler Version from Gemfile.lock'; main step was skipped
[build/Build/build] [DEBUG] skipping post step for 'Setup Docker Buildx'; main step was skipped
[build/Build/build] [DEBUG] skipping post step for 'Check if Image Already Exists'; main step was skipped
[build/Build/build] [DEBUG] skipping post step for 'Login to Google Artifact Registry'; main step was skipped
[build/Build/build] [DEBUG] Found revision: 52cfc3ad696a663e0a438bad84a836a1ba312501
[build/Build/build] [DEBUG] Found revision: 52cfc3ad696a663e0a438bad84a836a1ba312501
[build/Build/build] [DEBUG] Found revision: 52cfc3ad696a663e0a438bad84a836a1ba312501
[build/Build/build] [DEBUG] expression '${{ secrets.CONSOLE_DEPLOYMENT_SA_EMAIL }}' rewritten to 'format('{0}', secrets.CONSOLE_DEPLOYMENT_SA_EMAIL)'
[build/Build/build] [DEBUG] evaluating expression 'format('{0}', secrets.CONSOLE_DEPLOYMENT_SA_EMAIL)'
[build/Build/build] [DEBUG] expression 'format('{0}', secrets.CONSOLE_DEPLOYMENT_SA_EMAIL)' evaluated to '%!t(string=***)'
[build/Build/build] [DEBUG] expression '${{ secrets.CONSOLE_DEPLOYMENT_ID_PROVIDER }}' rewritten to 'format('{0}', secrets.CONSOLE_DEPLOYMENT_ID_PROVIDER)'
[build/Build/build] [DEBUG] evaluating expression 'format('{0}', secrets.CONSOLE_DEPLOYMENT_ID_PROVIDER)'
[build/Build/build] [DEBUG] expression 'format('{0}', secrets.CONSOLE_DEPLOYMENT_ID_PROVIDER)' evaluated to '%!t(string=***)'
[build/Build/build] [DEBUG] setupEnv => map[ACT:true ACTIONS_CACHE_URL:http://172.31.125.251:45447/ CI:true DATABASE_CLEANER_ALLOW_REMOTE_DATABASE_URL:true DATABASE_URL: GITHUB_ACTION:auth GITHUB_ACTIONS:true GITHUB_ACTION_PATH: GITHUB_ACTION_REF:v0 GITHUB_ACTION_REPOSITORY:google-github-actions/auth GITHUB_ACTOR:nektos/act GITHUB_API_URL:https://api.github.com GITHUB_BASE_REF: GITHUB_ENV:/var/run/act/workflow/envs.txt GITHUB_EVENT_NAME:pull_request GITHUB_EVENT_PATH:/var/run/act/workflow/event.json GITHUB_GRAPHQL_URL:https://api.github.com/graphql GITHUB_HEAD_REF: GITHUB_JOB:build GITHUB_OUTPUT:/var/run/act/workflow/outputcmd.txt GITHUB_PATH:/var/run/act/workflow/pathcmd.txt GITHUB_REF:refs/pull/%!f(<nil>)/merge GITHUB_REF_NAME:%!f(<nil>)/merge GITHUB_REF_TYPE: GITHUB_REPOSITORY:sabio-engineering-product/acme-rocket-api GITHUB_REPOSITORY_OWNER:sabio-engineering-product GITHUB_RETENTION_DAYS:0 GITHUB_RUN_ID:1 GITHUB_RUN_NUMBER:1 GITHUB_SERVER_URL:https://github.com GITHUB_SHA:52cfc3ad696a663e0a438bad84a836a1ba312501 GITHUB_STATE:/var/run/act/workflow/statecmd.txt GITHUB_STEP_SUMMARY:/var/run/act/workflow/SUMMARY.md GITHUB_TOKEN:*** GITHUB_WORKFLOW:Build GITHUB_WORKSPACE:/mnt/c/dev/git/product/acme-rocket/acme-rocket-api INPUT_ACCESS_TOKEN_LIFETIME:3600s INPUT_ACCESS_TOKEN_SCOPES:https://www.googleapis.com/auth/cloud-platform INPUT_ACCESS_TOKEN_SUBJECT: INPUT_AUDIENCE: INPUT_BACKOFF: INPUT_BACKOFF_LIMIT: INPUT_CLEANUP_CREDENTIALS:true INPUT_CREATE_CREDENTIALS_FILE:true INPUT_CREDENTIALS_JSON: INPUT_DELEGATES: INPUT_EXPORT_ENVIRONMENT_VARIABLES:true INPUT_ID_TOKEN_AUDIENCE: INPUT_ID_TOKEN_INCLUDE_EMAIL:false INPUT_PROJECT_ID: INPUT_RETRIES:0 INPUT_SERVICE_ACCOUNT:*** INPUT_TOKEN_FORMAT:access_token INPUT_WORKLOAD_IDENTITY_PROVIDER:*** ImageOS:ubuntu20 RACK_ENV:test RAILS_ENV:test REGISTRY_USERNAME:oauth2accesstoken RUNNER_PERFLOG:/dev/null RUNNER_TRACKING_ID:]
[build/Build/build] [DEBUG] Found revision: 52cfc3ad696a663e0a438bad84a836a1ba312501
[build/Build/build] [DEBUG] Found revision: 52cfc3ad696a663e0a438bad84a836a1ba312501
[build/Build/build] [DEBUG] evaluating expression 'always()'
[build/Build/build] [DEBUG] expression 'always()' evaluated to 'true'
[build/Build/build] ⭐ Run Post Get GitHub Auth Token for GAR
[build/Build/build] [DEBUG] Writing entry to tarball workflow/outputcmd.txt len:0
[build/Build/build] [DEBUG] Writing entry to tarball workflow/statecmd.txt len:0
[build/Build/build] [DEBUG] Writing entry to tarball workflow/pathcmd.txt len:0
[build/Build/build] [DEBUG] Writing entry to tarball workflow/envs.txt len:0
[build/Build/build] [DEBUG] Writing entry to tarball workflow/SUMMARY.md len:0
[build/Build/build] [DEBUG] Extracting content to '/var/run/act'
[build/Build/build] [DEBUG] run post step for 'Get GitHub Auth Token for GAR'
[build/Build/build] [DEBUG] executing remote job container: [node /var/run/act/actions/google-github-actions-auth@v0/dist/post/index.js]
[build/Build/build]   🐳  docker exec cmd=[node /var/run/act/actions/google-github-actions-auth@v0/dist/post/index.js] user= workdir=
[build/Build/build] [DEBUG] Exec command '[node /var/run/act/actions/google-github-actions-auth@v0/dist/post/index.js]'
[build/Build/build] [DEBUG] Working directory '/mnt/c/dev/git/product/acme-rocket/acme-rocket-api'
[build/Build/build]   | Skipping credential cleanup - $GOOGLE_GHA_CREDS_PATH is not set.
[build/Build/build]   ✅  Success - Post Get GitHub Auth Token for GAR
[build/Build/build] [DEBUG] skipping post step for 'actions/checkout@v3': no action model available
[build/Build/build] 🏁  Job failed
[build/Build/build] [DEBUG] Found revision: 52cfc3ad696a663e0a438bad84a836a1ba312501
[build/Build/build] [DEBUG] Found revision: 52cfc3ad696a663e0a438bad84a836a1ba312501
